[06:14:09.564] Global cache location '/home/tony/.cache/typescript/4.1', safe file path '/home/tony/Documents/nextjs/sistema-publikasi/node_modules/typescript/lib/typingSafeList.json', types map path /home/tony/Documents/nextjs/sistema-publikasi/node_modules/typescript/lib/typesMap.json
[06:14:09.566] Processing cache location '/home/tony/.cache/typescript/4.1'
[06:14:09.566] Trying to find '/home/tony/.cache/typescript/4.1/package.json'...
[06:14:09.578] Loaded content of '/home/tony/.cache/typescript/4.1/package.json': {"private":true,"dependencies":{"types-registry":"^0.1.528"},"devDependencies":{"@types/accepts":"^1.3.5","@types/ajv-errors":"^1.0.3","@types/ansi-styles":"^3.2.1","@types/anymatch":"^1.3.1","@types/are-we-there-yet":"^1.1.0","@types/argparse":"^2.0.5","@types/aria-query":"^4.2.1","@types/arr-diff":"^4.0.0","@types/arr-union":"^3.1.0","@types/array-unique":"^0.3.0","@types/array.prototype.flat":"^1.2.1","@types/array.prototype.flatmap":"^1.2.2","@types/asap":"^2.0.0","@types/asn1":"^0.2.0","@types/assert":"^1.5.4","@types/assert-plus":"^1.0.4","@types/async":"^3.2.5","@types/async-cache":"^1.1.0","@types/atob":"^2.1.2","@types/aws4":"^1.5.1","@types/babel-code-frame":"^6.20.4","@types/babel-core":"^6.25.6","@types/babel-plugin-macros":"^2.8.4","@types/babel-plugin-syntax-jsx":"^6.18.0","@types/babylon":"^6.16.5","@types/backo2":"^1.0.1","@types/balanced-match":"^1.0.1","@types/base64-arraybuffer":"^0.1.0","@types/base64id":"^2.0.0","@types/better-queue":"^3.8.2","@types/big.js":"^6.0.2","@types/bl":"^2.1.0","@types/bluebird":"^3.5.33","@types/bn.js":"^5.1.0","@types/body-parser":"^1.19.0","@types/bonjour":"^3.5.8","@types/boolbase":"^1.0.0","@types/brace-expansion":"^1.1.0","@types/braces":"^3.0.0","@types/brorand":"^1.0.30","@types/bser":"^2.0.0","@types/buffer-from":"^1.1.0","@types/buffer-xor":"^2.0.0","@types/busboy":"^0.2.3","@types/bytes":"^3.1.0","@types/cacache":"^15.0.0","@types/cache-manager":"^3.4.0","@types/cacheable-request":"^6.0.1","@types/call-bind":"^1.0.0","@types/callsite":"^1.0.30","@types/camelcase-css":"^2.0.0","@types/caniuse-api":"^3.0.1","@types/caniuse-lite":"^1.0.0","@types/case-sensitive-paths-webpack-plugin":"^2.1.4","@types/caseless":"^0.12.2","@types/chardet":"^0.8.0","@types/check-types":"^7.3.1","@types/chownr":"^1.0.0","@types/ci-info":"^2.0.0","@types/cipher-base":"^1.0.0","@types/classnames":"^2.2.11","@types/clean-css":"^4.2.3","@types/clone-deep":"^4.0.1","@types/co":"^4.6.2","@types/color":"^3.0.1","@types/color-convert":"^2.0.0","@types/color-name":"^1.1.1","@types/color-string":"^1.5.0","@types/combined-stream":"^1.0.2","@types/command-exists":"^1.2.0","@types/common-tags":"^1.8.0","@types/commondir":"^1.0.0","@types/component-emitter":"^1.2.10","@types/compose-function":"^0.0.30","@types/compressible":"^2.0.0","@types/compression":"^1.7.0","@types/concat-map":"^0.0.0","@types/concat-stream":"^1.6.0","@types/configstore":"^4.0.0","@types/confusing-browser-globals":"^1.0.0","@types/connect-history-api-fallback":"^1.3.3","@types/contains-path":"^1.0.0","@types/content-disposition":"^0.5.3","@types/content-type":"^1.1.3","@types/convert-source-map":"^1.5.1","@types/cookie":"^0.4.0","@types/cookie-signature":"^1.0.3","@types/copyfiles":"^2.4.0","@types/core-js":"^2.5.4","@types/cors":"^2.8.9","@types/create-hash":"^1.2.2","@types/create-hmac":"^1.1.0","@types/cross-spawn":"^6.0.2","@types/css":"^0.0.31","@types/css-declaration-sorter":"^5.1.0","@types/css-selector-tokenizer":"^0.7.0","@types/css-tree":"^1.0.5","@types/cssesc":"^3.0.0","@types/cssnano":"^4.0.0","@types/csso":"^3.5.1","@types/cssom":"^0.4.1","@types/cssstyle":"^2.2.1","@types/d":"^1.0.0","@types/dashdash":"^1.14.0","@types/data-urls":"^2.0.0","@types/debug":"^4.1.5","@types/decode-uri-component":"^0.2.0","@types/dedent":"^0.7.0","@types/deep-equal":"^1.0.1","@types/deep-extend":"^0.4.31","@types/default-gateway":"^3.0.1","@types/define-properties":"^1.1.3","@types/defined":"^1.0.0","@types/depd":"^1.1.32","@types/destroy":"^1.0.0","@types/detect-node":"^2.0.0","@types/detect-port":"^1.3.0","@types/detective":"^5.1.1","@types/dicer":"^0.2.0","@types/didyoumean":"^1.2.0","@types/diff":"^5.0.0","@types/diffie-hellman":"^5.0.0","@types/dir-glob":"^2.0.0","@types/doctrine":"^0.0.3","@types/domexception":"^2.0.1","@types/domhandler":"^2.4.1","@types/domutils":"^1.7.3","@types/duplexer3":"^0.1.0","@types/duplexify":"^3.6.0","@types/ee-first":"^1.1.0","@types/ejs":"^3.0.5","@types/elliptic":"^6.4.12","@types/encodeurl":"^1.0.0","@types/end-of-stream":"^1.4.0","@types/engine.io":"^3.1.5","@types/engine.io-client":"^3.1.4","@types/enhanced-resolve":"^3.0.6","@types/entities":"^1.1.1","@types/es-abstract":"^1.17.2","@types/es-module-lexer":"^0.3.0","@types/es-to-primitive":"^1.2.4","@types/es6-weak-map":"^1.2.0","@types/escape-html":"^1.0.0","@types/escodegen":"^0.0.6","@types/eslint":"^7.2.6","@types/eslint-scope":"^3.7.0","@types/eslint-visitor-keys":"^1.0.0","@types/esprima":"^4.0.2","@types/esquery":"^1.0.1","@types/estraverse":"^5.1.0","@types/etag":"^1.8.0","@types/event-emitter":"^0.3.3","@types/events":"^3.0.0","@types/eventsource":"^1.1.5","@types/exit":"^0.1.31","@types/expand-tilde":"^2.0.0","@types/express":"^4.17.11","@types/extend":"^3.0.1","@types/extract-files":"^8.1.0","@types/extsprintf":"^1.4.1","@types/fast-levenshtein":"^0.0.1","@types/fb-watchman":"^2.0.0","@types/file-entry-cache":"^5.0.1","@types/file-loader":"^4.2.0","@types/finalhandler":"^1.1.0","@types/find-cache-dir":"^3.2.0","@types/find-root":"^1.1.2","@types/flat-cache":"^2.0.0","@types/flush-write-stream":"^1.0.0","@types/follow-redirects":"^1.13.0","@types/forever-agent":"^0.6.0","@types/forwarded":"^0.1.0","@types/fresh":"^0.5.0","@types/from2":"^2.3.0","@types/fs-capacitor":"^2.0.0","@types/fs-extra":"^9.0.6","@types/function-bind":"^1.1.6","@types/get-caller-file":"^1.0.0","@types/get-intrinsic":"^1.0.0","@types/get-value":"^3.0.1","@types/getpass":"^0.1.0","@types/glob":"^7.1.3","@types/glob-parent":"^5.1.0","@types/glob-to-regexp":"^0.4.0","@types/global-modules":"^2.0.0","@types/global-prefix":"^3.0.0","@types/got":"^9.6.11","@types/graceful-fs":"^4.1.4","@types/graphql-type-json":"^0.3.2","@types/graphql-upload":"^8.0.4","@types/has":"^1.0.0","@types/has-ansi":"^3.0.0","@types/has-symbols":"^1.0.0","@types/he":"^1.1.1","@types/hex-color-regex":"^1.1.0","@types/hoist-non-react-statics":"^3.3.1","@types/hosted-git-info":"^3.0.1","@types/html-encoding-sniffer":"^2.0.1","@types/html-escaper":"^3.0.0","@types/html-minifier-terser":"^5.1.1","@types/htmlparser2":"^3.10.2","@types/http-cache-semantics":"^4.0.0","@types/http-errors":"^1.8.0","@types/http-proxy":"^1.17.5","@types/http-proxy-middleware":"^0.19.3","@types/icss-utils":"^4.1.0","@types/iferr":"^1.0.2","@types/imurmurhash":"^0.1.1","@types/inherits":"^0.0.30","@types/ini":"^1.3.30","@types/inquirer":"^7.3.1","@types/internal-slot":"^1.0.1","@types/interpret":"^1.1.1","@types/invariant":"^2.2.34","@types/ip":"^1.1.0","@types/is-alphanumerical":"^1.0.0","@types/is-arguments":"^1.0.0","@types/is-buffer":"^2.0.0","@types/is-callable":"^1.1.0","@types/is-ci":"^2.0.0","@types/is-core-module":"^2.2.0","@types/is-date-object":"^1.0.1","@types/is-glob":"^4.0.1","@types/is-number":"^7.0.1","@types/is-object":"^1.0.1","@types/is-promise":"^2.1.0","@types/is-regex":"^1.0.0","@types/is-relative":"^1.0.0","@types/is-ssh":"^1.3.0","@types/is-typedarray":"^1.0.0","@types/is-unc-path":"^1.0.0","@types/is-url":"^1.2.28","@types/is-valid-path":"^0.1.0","@types/is-windows":"^1.0.0","@types/isarray":"^2.0.0","@types/isexe":"^2.0.0","@types/isomorphic-form-data":"^2.0.0","@types/isstream":"^0.1.0","@types/istanbul-lib-coverage":"^2.0.3","@types/istanbul-lib-instrument":"^1.7.4","@types/istanbul-lib-report":"^3.0.0","@types/istanbul-lib-source-maps":"^4.0.1","@types/istanbul-reports":"^3.0.0","@types/js-yaml":"^4.0.0","@types/jsbn":"^1.2.29","@types/jsdom":"^16.2.6","@types/jsesc":"^2.5.1","@types/json-buffer":"^3.0.0","@types/json-parse-better-errors":"^1.0.0","@types/json-schema":"^7.0.7","@types/json-stringify-safe":"^5.0.0","@types/json3":"^3.3.2","@types/jsonfile":"^6.0.0","@types/keyv":"^3.1.1","@types/kind-of":"^6.0.0","@types/language-tags":"^1.0.0","@types/line-column":"^1.0.0","@types/loader-runner":"^2.2.3","@types/loader-utils":"^2.0.1","@types/lodash":"^4.14.168","@types/lodash.clonedeep":"^4.5.6","@types/lodash.deburr":"^4.1.6","@types/lodash.difference":"^4.5.6","@types/lodash.every":"^4.6.6","@types/lodash.flatten":"^4.4.6","@types/lodash.flattendeep":"^4.4.6","@types/lodash.foreach":"^4.5.6","@types/lodash.forown":"^4.4.6","@types/lodash.get":"^4.4.6","@types/lodash.groupby":"^4.6.6","@types/lodash.isplainobject":"^4.0.6","@types/lodash.maxby":"^4.6.6","@types/lodash.memoize":"^4.1.6","@types/lodash.sortby":"^4.7.6","@types/lodash.template":"^4.5.0","@types/lodash.toarray":"^4.4.6","@types/lodash.uniq":"^4.5.6","@types/lodash.without":"^4.4.6","@types/lru-cache":"^5.1.0","@types/lz-string":"^1.3.34","@types/markdown-escapes":"^1.0.0","@types/markdown-table":"^2.0.0","@types/md5-file":"^4.0.2","@types/media-typer":"^1.1.0","@types/memoizee":"^0.4.5","@types/memory-fs":"^0.3.2","@types/merge-descriptors":"^1.0.1","@types/merge-stream":"^1.1.2","@types/merge2":"^1.3.0","@types/methods":"^1.1.1","@types/micromatch":"^4.0.1","@types/mime":"^2.0.3","@types/mime-db":"^1.43.0","@types/mime-types":"^2.1.0","@types/min-document":"^2.19.0","@types/min-indent":"^1.0.0","@types/mini-css-extract-plugin":"^1.2.2","@types/minimalistic-assert":"^1.0.1","@types/minimatch":"^3.0.3","@types/minimist":"^1.2.1","@types/minipass":"^2.2.0","@types/mkdirp":"^1.0.1","@types/move-concurrently":"^1.0.2","@types/ms":"^0.7.31","@types/mute-stream":"^0.0.0","@types/name-all-modules-plugin":"^1.0.0","@types/natural-compare":"^1.4.0","@types/negotiator":"^0.6.1","@types/next-tick":"^1.0.0","@types/nice-try":"^2.1.0","@types/node-abi":"^2.10.0","@types/node-emoji":"^1.8.1","@types/node-fetch":"^2.5.8","@types/node-forge":"^0.9.7","@types/node-int64":"^0.4.29","@types/node-notifier":"^8.0.0","@types/normalize-package-data":"^2.4.0","@types/normalize-path":"^3.0.0","@types/npmlog":"^4.1.2","@types/num2fraction":"^1.2.0","@types/number-is-nan":"^2.0.0","@types/object-assign":"^4.0.30","@types/object-hash":"^1.3.4","@types/object-inspect":"^1.8.0","@types/object-keys":"^1.0.1","@types/object-path":"^0.11.0","@types/object.fromentries":"^2.0.0","@types/object.getownpropertydescriptors":"^2.1.1","@types/object.pick":"^1.3.0","@types/on-finished":"^2.3.1","@types/on-headers":"^1.0.0","@types/once":"^1.4.0","@types/optimize-css-assets-webpack-plugin":"^5.0.2","@types/original":"^1.0.0","@types/os-tmpdir":"^1.0.0","@types/pako":"^1.0.1","@types/parallel-transform":"^1.1.0","@types/parse-json":"^4.0.0","@types/parse-passwd":"^1.0.0","@types/parse-path":"^4.0.0","@types/parse5":"^6.0.0","@types/parseurl":"^1.3.1","@types/pascalcase":"^1.0.0","@types/path-is-absolute":"^1.0.0","@types/path-is-inside":"^1.0.0","@types/path-parse":"^1.0.19","@types/pbkdf2":"^3.1.0","@types/physical-cpu-count":"^2.0.0","@types/picomatch":"^2.2.1","@types/pify":"^5.0.0","@types/platform":"^1.3.3","@types/postcss-calc":"^7.0.0","@types/postcss-custom-properties":"^9.1.0","@types/postcss-flexbugs-fixes":"^4.2.0","@types/postcss-focus-within":"^4.0.0","@types/postcss-gap-properties":"^2.0.0","@types/postcss-load-config":"^2.0.1","@types/postcss-modules-extract-imports":"^2.0.0","@types/postcss-modules-local-by-default":"^1.2.0","@types/postcss-modules-scope":"^1.1.0","@types/postcss-modules-values":"^3.0.0","@types/postcss-normalize":"^9.0.0","@types/postcss-preset-env":"^6.7.1","@types/postcss-reporter":"^6.0.0","@types/postcss-safe-parser":"^4.0.0","@types/prelude-ls":"^1.1.29","@types/prettier":"^2.2.0","@types/pretty-hrtime":"^1.0.0","@types/progress":"^2.0.3","@types/promise-inflight":"^1.0.0","@types/prompts":"^2.0.9","@types/prop-types":"^15.7.3","@types/proper-lockfile":"^4.1.1","@types/protocols":"^1.4.0","@types/proxy-addr":"^2.0.0","@types/psl":"^1.1.0","@types/pump":"^1.1.0","@types/pumpify":"^1.4.1","@types/punycode":"^2.1.0","@types/q":"^1.5.4","@types/qs":"^6.9.5","@types/querystringify":"^2.0.0","@types/raf":"^3.4.0","@types/randombytes":"^2.0.0","@types/range-parser":"^1.2.3","@types/rc":"^1.1.0","@types/react":"^17.0.1","@types/react-dev-utils":"^9.0.4","@types/react-dom":"^17.0.0","@types/react-is":"^17.0.0","@types/react-lifecycles-compat":"^3.0.1","@types/read":"^0.0.28","@types/readable-stream":"^2.3.9","@types/rechoir":"^0.6.1","@types/recursive-readdir":"^2.2.0","@types/regenerator-runtime":"^0.13.0","@types/registry-auth-token":"^4.2.0","@types/relateurl":"^0.2.28","@types/repeat-element":"^1.1.0","@types/repeat-string":"^1.6.0","@types/request":"^2.48.5","@types/request-promise-native":"^1.0.17","@types/require-directory":"^2.1.1","@types/require-from-string":"^1.2.0","@types/requires-port":"^1.0.0","@types/resolve":"^1.19.0","@types/responselike":"^1.0.0","@types/retry":"^0.12.0","@types/rimraf":"^3.0.0","@types/ripemd160":"^2.0.0","@types/rsvp":"^4.0.3","@types/run-parallel":"^1.1.0","@types/rx-lite":"^4.0.6","@types/rx-lite-aggregates":"^4.0.3","@types/safe-regex":"^1.1.2","@types/safer-buffer":"^2.1.0","@types/sane":"^2.0.0","@types/sass-loader":"^8.0.0","@types/sax":"^1.2.1","@types/scheduler":"^0.16.1","@types/semver":"^7.3.4","@types/send":"^0.14.6","@types/serialize-javascript":"^5.0.0","@types/serve-index":"^1.7.30","@types/serve-static":"^1.13.9","@types/set-value":"^2.0.0","@types/setimmediate":"^1.0.2","@types/sha.js":"^2.4.0","@types/shallowequal":"^1.1.1","@types/sharp":"^0.27.1","@types/shebang-command":"^1.2.0","@types/shell-quote":"^1.7.0","@types/signal-exit":"^3.0.0","@types/single-trailing-newline":"^1.0.0","@types/slice-ansi":"^4.0.0","@types/socket.io":"^2.1.13","@types/socket.io-client":"^1.4.35","@types/socket.io-parser":"^2.2.1","@types/sockjs":"^0.3.32","@types/sockjs-client":"^1.5.0","@types/source-list-map":"^0.1.2","@types/source-map-support":"^0.5.3","@types/spdx-correct":"^2.0.0","@types/spdx-expression-parse":"^3.0.0","@types/spdy":"^3.4.4","@types/sprintf":"^0.1.0","@types/sprintf-js":"^1.1.2","@types/sshpk":"^1.10.5","@types/ssri":"^7.1.0","@types/stack-trace":"^0.0.29","@types/stack-utils":"^2.0.0","@types/statuses":"^2.0.0","@types/stream-each":"^1.2.0","@types/stream-shift":"^1.0.0","@types/strict-uri-encode":"^2.0.0","@types/string-hash":"^1.1.1","@types/string-natural-compare":"^3.0.0","@types/string-similarity":"^4.0.0","@types/string.prototype.matchall":"^4.0.0","@types/stringify-object":"^3.3.0","@types/strip-comments":"^2.0.0","@types/styled-jsx":"^2.2.8","@types/stylis":"^4.0.0","@types/supports-color":"^7.2.0","@types/svg-parser":"^2.0.1","@types/svgo":"^1.3.3","@types/symbol-tree":"^3.2.1","@types/table":"^6.0.0","@types/tail":"^2.0.0","@types/tapable":"^1.0.6","@types/tar":"^4.0.4","@types/tar-fs":"^2.0.0","@types/tar-stream":"^2.2.0","@types/terser-webpack-plugin":"^5.0.2","@types/testing-library__jest-dom":"^5.9.5","@types/text-table":"^0.2.1","@types/through":"^0.0.30","@types/through2":"^2.0.36","@types/timsort":"^0.3.0","@types/tmp":"^0.2.0","@types/tough-cookie":"^4.0.0","@types/trim":"^0.1.1","@types/tryer":"^1.0.1","@types/type-check":"^0.3.27","@types/type-detect":"^4.0.1","@types/type-is":"^1.6.3","@types/unc-path-regex":"^0.1.0","@types/uniq":"^0.0.27","@types/universalify":"^1.0.0","@types/unixify":"^1.0.0","@types/update-notifier":"^5.0.0","@types/urix":"^0.1.0","@types/url-parse":"^1.4.3","@types/use-subscription":"^1.0.0","@types/util-deprecate":"^1.0.0","@types/util.promisify":"^1.0.4","@types/utils-merge":"^0.0.28","@types/uuid":"^8.3.0","@types/valid-url":"^1.0.3","@types/validate-npm-package-license":"^3.0.0","@types/vary":"^1.1.0","@types/verror":"^1.10.4","@types/vfile-location":"^2.0.5","@types/w3c-xmlserializer":"^2.0.1","@types/warning":"^3.0.0","@types/watchpack":"^1.1.5","@types/webidl-conversions":"^6.1.0","@types/webpack":"^4.41.26","@types/webpack-dev-middleware":"^4.1.0","@types/webpack-dev-server":"^3.11.1","@types/webpack-hot-middleware":"^2.25.3","@types/webpack-manifest-plugin":"^3.0.3","@types/webpack-merge":"^4.1.5","@types/webpack-sources":"^2.1.0","@types/webpack-stats-plugin":"^0.3.0","@types/webpack-virtual-modules":"^0.1.0","@types/whatwg-encoding":"^1.0.0","@types/whatwg-mimetype":"^2.1.0","@types/whatwg-url":"^8.0.0","@types/which":"^2.0.0","@types/which-pm-runs":"^1.0.0","@types/workbox-build":"^5.0.0","@types/workbox-sw":"^4.3.1","@types/workbox-webpack-plugin":"^5.1.5","@types/wrap-ansi":"^3.0.0","@types/write":"^2.0.0","@types/write-file-atomic":"^3.0.1","@types/ws":"^7.4.0","@types/xtend":"^4.0.3","@types/y18n":"^4.0.0","@types/yallist":"^3.0.1","@types/yargs":"^16.0.0","@types/yargs-parser":"^20.2.0","@types/yeast":"^0.1.1"}}
[06:14:09.578] Loaded content of '/home/tony/.cache/typescript/4.1/package-lock.json'
[06:14:09.599] Adding entry into typings cache: 'accepts' => '/home/tony/.cache/typescript/4.1/node_modules/@types/accepts/index.d.ts'
[06:14:09.607] Adding entry into typings cache: 'ajv-errors' => '/home/tony/.cache/typescript/4.1/node_modules/@types/ajv-errors/index.d.ts'
[06:14:09.612] Adding entry into typings cache: 'ansi-styles' => '/home/tony/.cache/typescript/4.1/node_modules/ansi-styles/index.d.ts'
[06:14:09.624] Adding entry into typings cache: 'anymatch' => '/home/tony/.cache/typescript/4.1/node_modules/@types/anymatch/index.d.ts'
[06:14:09.630] Adding entry into typings cache: 'are-we-there-yet' => '/home/tony/.cache/typescript/4.1/node_modules/@types/are-we-there-yet/index.d.ts'
[06:14:09.635] Adding entry into typings cache: 'argparse' => '/home/tony/.cache/typescript/4.1/node_modules/@types/argparse/index.d.ts'
[06:14:09.639] Adding entry into typings cache: 'aria-query' => '/home/tony/.cache/typescript/4.1/node_modules/@types/aria-query/index.d.ts'
[06:14:09.650] Adding entry into typings cache: 'arr-diff' => '/home/tony/.cache/typescript/4.1/node_modules/@types/arr-diff/index.d.ts'
[06:14:09.660] Adding entry into typings cache: 'arr-union' => '/home/tony/.cache/typescript/4.1/node_modules/@types/arr-union/index.d.ts'
[06:14:09.667] Adding entry into typings cache: 'array-unique' => '/home/tony/.cache/typescript/4.1/node_modules/@types/array-unique/index.d.ts'
[06:14:09.671] Adding entry into typings cache: 'array.prototype.flat' => '/home/tony/.cache/typescript/4.1/node_modules/@types/array.prototype.flat/index.d.ts'
[06:14:09.675] Adding entry into typings cache: 'array.prototype.flatmap' => '/home/tony/.cache/typescript/4.1/node_modules/@types/array.prototype.flatmap/index.d.ts'
[06:14:09.680] Adding entry into typings cache: 'asap' => '/home/tony/.cache/typescript/4.1/node_modules/@types/asap/index.d.ts'
[06:14:09.683] Adding entry into typings cache: 'asn1' => '/home/tony/.cache/typescript/4.1/node_modules/@types/asn1/index.d.ts'
[06:14:09.686] Adding entry into typings cache: 'assert' => '/home/tony/.cache/typescript/4.1/node_modules/@types/assert/index.d.ts'
[06:14:09.689] Adding entry into typings cache: 'assert-plus' => '/home/tony/.cache/typescript/4.1/node_modules/@types/assert-plus/index.d.ts'
[06:14:09.692] Adding entry into typings cache: 'async' => '/home/tony/.cache/typescript/4.1/node_modules/@types/async/index.d.ts'
[06:14:09.697] Adding entry into typings cache: 'async-cache' => '/home/tony/.cache/typescript/4.1/node_modules/@types/async-cache/index.d.ts'
[06:14:09.707] Adding entry into typings cache: 'atob' => '/home/tony/.cache/typescript/4.1/node_modules/@types/atob/index.d.ts'
[06:14:09.711] Adding entry into typings cache: 'aws4' => '/home/tony/.cache/typescript/4.1/node_modules/@types/aws4/index.d.ts'
[06:14:09.713] Adding entry into typings cache: 'babel-code-frame' => '/home/tony/.cache/typescript/4.1/node_modules/@types/babel-code-frame/index.d.ts'
[06:14:09.720] Adding entry into typings cache: 'babel-core' => '/home/tony/.cache/typescript/4.1/node_modules/@types/babel-core/index.d.ts'
[06:14:09.723] Adding entry into typings cache: 'babel-plugin-macros' => '/home/tony/.cache/typescript/4.1/node_modules/@types/babel-plugin-macros/index.d.ts'
[06:14:09.727] Adding entry into typings cache: 'babel-plugin-syntax-jsx' => '/home/tony/.cache/typescript/4.1/node_modules/@types/babel-plugin-syntax-jsx/index.d.ts'
[06:14:09.730] Adding entry into typings cache: 'babylon' => '/home/tony/.cache/typescript/4.1/node_modules/@types/babylon/index.d.ts'
[06:14:09.733] Adding entry into typings cache: 'backo2' => '/home/tony/.cache/typescript/4.1/node_modules/@types/backo2/index.d.ts'
[06:14:09.735] Adding entry into typings cache: 'balanced-match' => '/home/tony/.cache/typescript/4.1/node_modules/@types/balanced-match/index.d.ts'
[06:14:09.738] Adding entry into typings cache: 'base64-arraybuffer' => '/home/tony/.cache/typescript/4.1/node_modules/@types/base64-arraybuffer/index.d.ts'
[06:14:09.741] Adding entry into typings cache: 'base64id' => '/home/tony/.cache/typescript/4.1/node_modules/@types/base64id/index.d.ts'
[06:14:09.743] Adding entry into typings cache: 'better-queue' => '/home/tony/.cache/typescript/4.1/node_modules/@types/better-queue/index.d.ts'
[06:14:09.746] Adding entry into typings cache: 'big.js' => '/home/tony/.cache/typescript/4.1/node_modules/@types/big.js/index.d.ts'
[06:14:09.748] Adding entry into typings cache: 'bl' => '/home/tony/.cache/typescript/4.1/node_modules/@types/bl/index.d.ts'
[06:14:09.750] Adding entry into typings cache: 'bluebird' => '/home/tony/.cache/typescript/4.1/node_modules/@types/bluebird/index.d.ts'
[06:14:09.754] Adding entry into typings cache: 'bn.js' => '/home/tony/.cache/typescript/4.1/node_modules/@types/bn.js/index.d.ts'
[06:14:09.757] Adding entry into typings cache: 'body-parser' => '/home/tony/.cache/typescript/4.1/node_modules/@types/body-parser/index.d.ts'
[06:14:09.760] Adding entry into typings cache: 'bonjour' => '/home/tony/.cache/typescript/4.1/node_modules/@types/bonjour/index.d.ts'
[06:14:09.762] Adding entry into typings cache: 'boolbase' => '/home/tony/.cache/typescript/4.1/node_modules/@types/boolbase/index.d.ts'
[06:14:09.765] Adding entry into typings cache: 'brace-expansion' => '/home/tony/.cache/typescript/4.1/node_modules/@types/brace-expansion/index.d.ts'
[06:14:09.774] Adding entry into typings cache: 'braces' => '/home/tony/.cache/typescript/4.1/node_modules/@types/braces/index.d.ts'
[06:14:09.776] Adding entry into typings cache: 'brorand' => '/home/tony/.cache/typescript/4.1/node_modules/@types/brorand/index.d.ts'
[06:14:09.779] Adding entry into typings cache: 'bser' => '/home/tony/.cache/typescript/4.1/node_modules/@types/bser/index.d.ts'
[06:14:09.783] Adding entry into typings cache: 'buffer-from' => '/home/tony/.cache/typescript/4.1/node_modules/@types/buffer-from/index.d.ts'
[06:14:09.786] Adding entry into typings cache: 'buffer-xor' => '/home/tony/.cache/typescript/4.1/node_modules/@types/buffer-xor/index.d.ts'
[06:14:09.788] Adding entry into typings cache: 'busboy' => '/home/tony/.cache/typescript/4.1/node_modules/@types/busboy/index.d.ts'
[06:14:09.791] Adding entry into typings cache: 'bytes' => '/home/tony/.cache/typescript/4.1/node_modules/@types/bytes/index.d.ts'
[06:14:09.795] Adding entry into typings cache: 'cacache' => '/home/tony/.cache/typescript/4.1/node_modules/@types/cacache/index.d.ts'
[06:14:09.797] Adding entry into typings cache: 'cache-manager' => '/home/tony/.cache/typescript/4.1/node_modules/@types/cache-manager/index.d.ts'
[06:14:09.800] Adding entry into typings cache: 'cacheable-request' => '/home/tony/.cache/typescript/4.1/node_modules/@types/cacheable-request/index.d.ts'
[06:14:09.804] Adding entry into typings cache: 'call-bind' => '/home/tony/.cache/typescript/4.1/node_modules/@types/call-bind/index.d.ts'
[06:14:09.806] Adding entry into typings cache: 'callsite' => '/home/tony/.cache/typescript/4.1/node_modules/@types/callsite/index.d.ts'
[06:14:09.808] Adding entry into typings cache: 'camelcase-css' => '/home/tony/.cache/typescript/4.1/node_modules/@types/camelcase-css/index.d.ts'
[06:14:09.811] Adding entry into typings cache: 'caniuse-api' => '/home/tony/.cache/typescript/4.1/node_modules/@types/caniuse-api/index.d.ts'
[06:14:09.821] Adding entry into typings cache: 'caniuse-lite' => '/home/tony/.cache/typescript/4.1/node_modules/@types/caniuse-lite/index.d.ts'
[06:14:09.825] Adding entry into typings cache: 'case-sensitive-paths-webpack-plugin' => '/home/tony/.cache/typescript/4.1/node_modules/@types/case-sensitive-paths-webpack-plugin/index.d.ts'
[06:14:09.831] Adding entry into typings cache: 'caseless' => '/home/tony/.cache/typescript/4.1/node_modules/@types/caseless/index.d.ts'
[06:14:09.835] Adding entry into typings cache: 'chardet' => '/home/tony/.cache/typescript/4.1/node_modules/@types/chardet/index.d.ts'
[06:14:09.839] Adding entry into typings cache: 'check-types' => '/home/tony/.cache/typescript/4.1/node_modules/@types/check-types/index.d.ts'
[06:14:09.843] Adding entry into typings cache: 'chownr' => '/home/tony/.cache/typescript/4.1/node_modules/@types/chownr/index.d.ts'
[06:14:09.847] Adding entry into typings cache: 'ci-info' => '/home/tony/.cache/typescript/4.1/node_modules/@types/ci-info/index.d.ts'
[06:14:09.851] Adding entry into typings cache: 'cipher-base' => '/home/tony/.cache/typescript/4.1/node_modules/@types/cipher-base/index.d.ts'
[06:14:09.857] Adding entry into typings cache: 'classnames' => '/home/tony/.cache/typescript/4.1/node_modules/@types/classnames/index.d.ts'
[06:14:09.861] Adding entry into typings cache: 'clean-css' => '/home/tony/.cache/typescript/4.1/node_modules/@types/clean-css/index.d.ts'
[06:14:09.867] Adding entry into typings cache: 'clone-deep' => '/home/tony/.cache/typescript/4.1/node_modules/@types/clone-deep/index.d.ts'
[06:14:09.878] Adding entry into typings cache: 'co' => '/home/tony/.cache/typescript/4.1/node_modules/@types/co/index.d.ts'
[06:14:09.884] Adding entry into typings cache: 'color' => '/home/tony/.cache/typescript/4.1/node_modules/@types/color/index.d.ts'
[06:14:09.899] Adding entry into typings cache: 'color-convert' => '/home/tony/.cache/typescript/4.1/node_modules/@types/color-convert/index.d.ts'
[06:14:09.908] Adding entry into typings cache: 'color-name' => '/home/tony/.cache/typescript/4.1/node_modules/@types/color-name/index.d.ts'
[06:14:09.912] Adding entry into typings cache: 'color-string' => '/home/tony/.cache/typescript/4.1/node_modules/@types/color-string/index.d.ts'
[06:14:09.921] Adding entry into typings cache: 'combined-stream' => '/home/tony/.cache/typescript/4.1/node_modules/@types/combined-stream/index.d.ts'
[06:14:09.924] Adding entry into typings cache: 'command-exists' => '/home/tony/.cache/typescript/4.1/node_modules/@types/command-exists/index.d.ts'
[06:14:09.929] Adding entry into typings cache: 'common-tags' => '/home/tony/.cache/typescript/4.1/node_modules/@types/common-tags/index.d.ts'
[06:14:09.932] Adding entry into typings cache: 'commondir' => '/home/tony/.cache/typescript/4.1/node_modules/@types/commondir/index.d.ts'
[06:14:09.937] Adding entry into typings cache: 'component-emitter' => '/home/tony/.cache/typescript/4.1/node_modules/@types/component-emitter/index.d.ts'
[06:14:09.940] Adding entry into typings cache: 'compose-function' => '/home/tony/.cache/typescript/4.1/node_modules/@types/compose-function/index.d.ts'
[06:14:09.943] Adding entry into typings cache: 'compressible' => '/home/tony/.cache/typescript/4.1/node_modules/@types/compressible/index.d.ts'
[06:14:09.946] Adding entry into typings cache: 'compression' => '/home/tony/.cache/typescript/4.1/node_modules/@types/compression/index.d.ts'
[06:14:09.952] Adding entry into typings cache: 'concat-map' => '/home/tony/.cache/typescript/4.1/node_modules/@types/concat-map/index.d.ts'
[06:14:09.955] Adding entry into typings cache: 'concat-stream' => '/home/tony/.cache/typescript/4.1/node_modules/@types/concat-stream/index.d.ts'
[06:14:09.959] Adding entry into typings cache: 'configstore' => '/home/tony/.cache/typescript/4.1/node_modules/@types/configstore/index.d.ts'
[06:14:09.962] Adding entry into typings cache: 'confusing-browser-globals' => '/home/tony/.cache/typescript/4.1/node_modules/@types/confusing-browser-globals/index.d.ts'
[06:14:09.975] Adding entry into typings cache: 'connect-history-api-fallback' => '/home/tony/.cache/typescript/4.1/node_modules/@types/connect-history-api-fallback/index.d.ts'
[06:14:09.980] Adding entry into typings cache: 'contains-path' => '/home/tony/.cache/typescript/4.1/node_modules/@types/contains-path/index.d.ts'
[06:14:09.988] Adding entry into typings cache: 'content-disposition' => '/home/tony/.cache/typescript/4.1/node_modules/@types/content-disposition/index.d.ts'
[06:14:09.993] Adding entry into typings cache: 'content-type' => '/home/tony/.cache/typescript/4.1/node_modules/@types/content-type/index.d.ts'
[06:14:09.997] Adding entry into typings cache: 'convert-source-map' => '/home/tony/.cache/typescript/4.1/node_modules/@types/convert-source-map/index.d.ts'
[06:14:10.001] Adding entry into typings cache: 'cookie' => '/home/tony/.cache/typescript/4.1/node_modules/@types/cookie/index.d.ts'
[06:14:10.005] Adding entry into typings cache: 'cookie-signature' => '/home/tony/.cache/typescript/4.1/node_modules/@types/cookie-signature/index.d.ts'
[06:14:10.012] Adding entry into typings cache: 'copyfiles' => '/home/tony/.cache/typescript/4.1/node_modules/@types/copyfiles/index.d.ts'
[06:14:10.015] Adding entry into typings cache: 'core-js' => '/home/tony/.cache/typescript/4.1/node_modules/@types/core-js/index.d.ts'
[06:14:10.018] Adding entry into typings cache: 'cors' => '/home/tony/.cache/typescript/4.1/node_modules/@types/cors/index.d.ts'
[06:14:10.021] Adding entry into typings cache: 'create-hash' => '/home/tony/.cache/typescript/4.1/node_modules/@types/create-hash/index.d.ts'
[06:14:10.024] Adding entry into typings cache: 'create-hmac' => '/home/tony/.cache/typescript/4.1/node_modules/@types/create-hmac/index.d.ts'
[06:14:10.028] Adding entry into typings cache: 'cross-spawn' => '/home/tony/.cache/typescript/4.1/node_modules/@types/cross-spawn/index.d.ts'
[06:14:10.030] Adding entry into typings cache: 'css' => '/home/tony/.cache/typescript/4.1/node_modules/@types/css/index.d.ts'
[06:14:10.034] Adding entry into typings cache: 'css-declaration-sorter' => '/home/tony/.cache/typescript/4.1/node_modules/@types/css-declaration-sorter/index.d.ts'
[06:14:10.037] Adding entry into typings cache: 'css-selector-tokenizer' => '/home/tony/.cache/typescript/4.1/node_modules/@types/css-selector-tokenizer/index.d.ts'
[06:14:10.040] Adding entry into typings cache: 'css-tree' => '/home/tony/.cache/typescript/4.1/node_modules/@types/css-tree/index.d.ts'
[06:14:10.043] Adding entry into typings cache: 'cssesc' => '/home/tony/.cache/typescript/4.1/node_modules/@types/cssesc/index.d.ts'
[06:14:10.045] Adding entry into typings cache: 'cssnano' => '/home/tony/.cache/typescript/4.1/node_modules/@types/cssnano/index.d.ts'
[06:14:10.049] Adding entry into typings cache: 'csso' => '/home/tony/.cache/typescript/4.1/node_modules/@types/csso/index.d.ts'
[06:14:10.052] Adding entry into typings cache: 'cssom' => '/home/tony/.cache/typescript/4.1/node_modules/@types/cssom/index.d.ts'
[06:14:10.054] Adding entry into typings cache: 'cssstyle' => '/home/tony/.cache/typescript/4.1/node_modules/@types/cssstyle/index.d.ts'
[06:14:10.058] Adding entry into typings cache: 'd' => '/home/tony/.cache/typescript/4.1/node_modules/@types/d/index.d.ts'
[06:14:10.061] Adding entry into typings cache: 'dashdash' => '/home/tony/.cache/typescript/4.1/node_modules/@types/dashdash/index.d.ts'
[06:14:10.064] Adding entry into typings cache: 'data-urls' => '/home/tony/.cache/typescript/4.1/node_modules/@types/data-urls/index.d.ts'
[06:14:10.073] Adding entry into typings cache: 'debug' => '/home/tony/.cache/typescript/4.1/node_modules/@types/debug/index.d.ts'
[06:14:10.081] Adding entry into typings cache: 'decode-uri-component' => '/home/tony/.cache/typescript/4.1/node_modules/@types/decode-uri-component/index.d.ts'
[06:14:10.085] Adding entry into typings cache: 'dedent' => '/home/tony/.cache/typescript/4.1/node_modules/@types/dedent/index.d.ts'
[06:14:10.087] Adding entry into typings cache: 'deep-equal' => '/home/tony/.cache/typescript/4.1/node_modules/@types/deep-equal/index.d.ts'
[06:14:10.090] Adding entry into typings cache: 'deep-extend' => '/home/tony/.cache/typescript/4.1/node_modules/@types/deep-extend/index.d.ts'
[06:14:10.093] Adding entry into typings cache: 'default-gateway' => '/home/tony/.cache/typescript/4.1/node_modules/@types/default-gateway/index.d.ts'
[06:14:10.097] Adding entry into typings cache: 'define-properties' => '/home/tony/.cache/typescript/4.1/node_modules/@types/define-properties/index.d.ts'
[06:14:10.099] Adding entry into typings cache: 'defined' => '/home/tony/.cache/typescript/4.1/node_modules/@types/defined/index.d.ts'
[06:14:10.102] Adding entry into typings cache: 'depd' => '/home/tony/.cache/typescript/4.1/node_modules/@types/depd/index.d.ts'
[06:14:10.106] Adding entry into typings cache: 'destroy' => '/home/tony/.cache/typescript/4.1/node_modules/@types/destroy/index.d.ts'
[06:14:10.113] Adding entry into typings cache: 'detect-node' => '/home/tony/.cache/typescript/4.1/node_modules/@types/detect-node/index.d.ts'
[06:14:10.115] Adding entry into typings cache: 'detect-port' => '/home/tony/.cache/typescript/4.1/node_modules/@types/detect-port/index.d.ts'
[06:14:10.118] Adding entry into typings cache: 'detective' => '/home/tony/.cache/typescript/4.1/node_modules/@types/detective/index.d.ts'
[06:14:10.121] Adding entry into typings cache: 'dicer' => '/home/tony/.cache/typescript/4.1/node_modules/@types/dicer/index.d.ts'
[06:14:10.124] Adding entry into typings cache: 'didyoumean' => '/home/tony/.cache/typescript/4.1/node_modules/@types/didyoumean/index.d.ts'
[06:14:10.130] Adding entry into typings cache: 'diff' => '/home/tony/.cache/typescript/4.1/node_modules/@types/diff/index.d.ts'
[06:14:10.136] Adding entry into typings cache: 'diffie-hellman' => '/home/tony/.cache/typescript/4.1/node_modules/@types/diffie-hellman/index.d.ts'
[06:14:10.139] Adding entry into typings cache: 'dir-glob' => '/home/tony/.cache/typescript/4.1/node_modules/@types/dir-glob/index.d.ts'
[06:14:10.140] Adding entry into typings cache: 'doctrine' => '/home/tony/.cache/typescript/4.1/node_modules/@types/doctrine/index.d.ts'
[06:14:10.145] Adding entry into typings cache: 'domexception' => '/home/tony/.cache/typescript/4.1/node_modules/@types/domexception/index.d.ts'
[06:14:10.150] Adding entry into typings cache: 'domhandler' => '/home/tony/.cache/typescript/4.1/node_modules/@types/domhandler/index.d.ts'
[06:14:10.154] Adding entry into typings cache: 'domutils' => '/home/tony/.cache/typescript/4.1/node_modules/@types/domutils/index.d.ts'
[06:14:10.158] Adding entry into typings cache: 'duplexer3' => '/home/tony/.cache/typescript/4.1/node_modules/@types/duplexer3/index.d.ts'
[06:14:10.161] Adding entry into typings cache: 'duplexify' => '/home/tony/.cache/typescript/4.1/node_modules/@types/duplexify/index.d.ts'
[06:14:10.164] Adding entry into typings cache: 'ee-first' => '/home/tony/.cache/typescript/4.1/node_modules/@types/ee-first/index.d.ts'
[06:14:10.166] Adding entry into typings cache: 'ejs' => '/home/tony/.cache/typescript/4.1/node_modules/@types/ejs/index.d.ts'
[06:14:10.170] Adding entry into typings cache: 'elliptic' => '/home/tony/.cache/typescript/4.1/node_modules/@types/elliptic/index.d.ts'
[06:14:10.174] Adding entry into typings cache: 'encodeurl' => '/home/tony/.cache/typescript/4.1/node_modules/@types/encodeurl/index.d.ts'
[06:14:10.177] Adding entry into typings cache: 'end-of-stream' => '/home/tony/.cache/typescript/4.1/node_modules/@types/end-of-stream/index.d.ts'
[06:14:10.180] Adding entry into typings cache: 'engine.io' => '/home/tony/.cache/typescript/4.1/node_modules/@types/engine.io/index.d.ts'
[06:14:10.182] Adding entry into typings cache: 'engine.io-client' => '/home/tony/.cache/typescript/4.1/node_modules/@types/engine.io-client/index.d.ts'
[06:14:10.187] Adding entry into typings cache: 'enhanced-resolve' => '/home/tony/.cache/typescript/4.1/node_modules/enhanced-resolve/types.d.ts'
[06:14:10.191] Adding entry into typings cache: 'entities' => '/home/tony/.cache/typescript/4.1/node_modules/@types/entities/index.d.ts'
[06:14:10.197] Adding entry into typings cache: 'es-abstract' => '/home/tony/.cache/typescript/4.1/node_modules/@types/es-abstract/index.d.ts'
[06:14:10.206] Adding entry into typings cache: 'es-module-lexer' => '/home/tony/.cache/typescript/4.1/node_modules/@types/es-module-lexer/index.d.ts'
[06:14:10.209] Adding entry into typings cache: 'es-to-primitive' => '/home/tony/.cache/typescript/4.1/node_modules/@types/es-to-primitive/index.d.ts'
[06:14:10.213] Adding entry into typings cache: 'es6-weak-map' => '/home/tony/.cache/typescript/4.1/node_modules/@types/es6-weak-map/index.d.ts'
[06:14:10.217] Adding entry into typings cache: 'escape-html' => '/home/tony/.cache/typescript/4.1/node_modules/@types/escape-html/index.d.ts'
[06:14:10.220] Adding entry into typings cache: 'escodegen' => '/home/tony/.cache/typescript/4.1/node_modules/@types/escodegen/index.d.ts'
[06:14:10.224] Adding entry into typings cache: 'eslint' => '/home/tony/.cache/typescript/4.1/node_modules/@types/eslint/index.d.ts'
[06:14:10.234] Adding entry into typings cache: 'eslint-scope' => '/home/tony/.cache/typescript/4.1/node_modules/@types/eslint-scope/index.d.ts'
[06:14:10.237] Adding entry into typings cache: 'eslint-visitor-keys' => '/home/tony/.cache/typescript/4.1/node_modules/@types/eslint-visitor-keys/index.d.ts'
[06:14:10.249] Adding entry into typings cache: 'esprima' => '/home/tony/.cache/typescript/4.1/node_modules/@types/esprima/index.d.ts'
[06:14:10.259] Adding entry into typings cache: 'esquery' => '/home/tony/.cache/typescript/4.1/node_modules/@types/esquery/index.d.ts'
[06:14:10.265] Adding entry into typings cache: 'estraverse' => '/home/tony/.cache/typescript/4.1/node_modules/@types/estraverse/index.d.ts'
[06:14:10.271] Adding entry into typings cache: 'etag' => '/home/tony/.cache/typescript/4.1/node_modules/@types/etag/index.d.ts'
[06:14:10.279] Adding entry into typings cache: 'event-emitter' => '/home/tony/.cache/typescript/4.1/node_modules/@types/event-emitter/index.d.ts'
[06:14:10.288] Adding entry into typings cache: 'events' => '/home/tony/.cache/typescript/4.1/node_modules/@types/events/index.d.ts'
[06:14:10.294] Adding entry into typings cache: 'eventsource' => '/home/tony/.cache/typescript/4.1/node_modules/@types/eventsource/index.d.ts'
[06:14:10.297] Adding entry into typings cache: 'exit' => '/home/tony/.cache/typescript/4.1/node_modules/@types/exit/index.d.ts'
[06:14:10.300] Adding entry into typings cache: 'expand-tilde' => '/home/tony/.cache/typescript/4.1/node_modules/@types/expand-tilde/index.d.ts'
[06:14:10.303] Adding entry into typings cache: 'express' => '/home/tony/.cache/typescript/4.1/node_modules/@types/express/index.d.ts'
[06:14:10.306] Adding entry into typings cache: 'extend' => '/home/tony/.cache/typescript/4.1/node_modules/@types/extend/index.d.ts'
[06:14:10.308] Adding entry into typings cache: 'extract-files' => '/home/tony/.cache/typescript/4.1/node_modules/@types/extract-files/index.d.ts'
[06:14:10.310] Adding entry into typings cache: 'extsprintf' => '/home/tony/.cache/typescript/4.1/node_modules/@types/extsprintf/index.d.ts'
[06:14:10.312] Adding entry into typings cache: 'fast-levenshtein' => '/home/tony/.cache/typescript/4.1/node_modules/@types/fast-levenshtein/index.d.ts'
[06:14:10.314] Adding entry into typings cache: 'fb-watchman' => '/home/tony/.cache/typescript/4.1/node_modules/@types/fb-watchman/index.d.ts'
[06:14:10.316] Adding entry into typings cache: 'file-entry-cache' => '/home/tony/.cache/typescript/4.1/node_modules/@types/file-entry-cache/index.d.ts'
[06:14:10.318] Adding entry into typings cache: 'file-loader' => '/home/tony/.cache/typescript/4.1/node_modules/@types/file-loader/index.d.ts'
[06:14:10.321] Adding entry into typings cache: 'finalhandler' => '/home/tony/.cache/typescript/4.1/node_modules/@types/finalhandler/index.d.ts'
[06:14:10.323] Adding entry into typings cache: 'find-cache-dir' => '/home/tony/.cache/typescript/4.1/node_modules/@types/find-cache-dir/index.d.ts'
[06:14:10.325] Adding entry into typings cache: 'find-root' => '/home/tony/.cache/typescript/4.1/node_modules/@types/find-root/index.d.ts'
[06:14:10.327] Adding entry into typings cache: 'flat-cache' => '/home/tony/.cache/typescript/4.1/node_modules/@types/flat-cache/index.d.ts'
[06:14:10.331] Adding entry into typings cache: 'flush-write-stream' => '/home/tony/.cache/typescript/4.1/node_modules/@types/flush-write-stream/index.d.ts'
[06:14:10.334] Adding entry into typings cache: 'follow-redirects' => '/home/tony/.cache/typescript/4.1/node_modules/@types/follow-redirects/index.d.ts'
[06:14:10.336] Adding entry into typings cache: 'forever-agent' => '/home/tony/.cache/typescript/4.1/node_modules/@types/forever-agent/index.d.ts'
[06:14:10.339] Adding entry into typings cache: 'forwarded' => '/home/tony/.cache/typescript/4.1/node_modules/@types/forwarded/index.d.ts'
[06:14:10.341] Adding entry into typings cache: 'fresh' => '/home/tony/.cache/typescript/4.1/node_modules/@types/fresh/index.d.ts'
[06:14:10.343] Adding entry into typings cache: 'from2' => '/home/tony/.cache/typescript/4.1/node_modules/@types/from2/index.d.ts'
[06:14:10.345] Adding entry into typings cache: 'fs-capacitor' => '/home/tony/.cache/typescript/4.1/node_modules/@types/fs-capacitor/index.d.ts'
[06:14:10.347] Adding entry into typings cache: 'fs-extra' => '/home/tony/.cache/typescript/4.1/node_modules/@types/fs-extra/index.d.ts'
[06:14:10.349] Adding entry into typings cache: 'function-bind' => '/home/tony/.cache/typescript/4.1/node_modules/@types/function-bind/index.d.ts'
[06:14:10.351] Adding entry into typings cache: 'get-caller-file' => '/home/tony/.cache/typescript/4.1/node_modules/@types/get-caller-file/index.d.ts'
[06:14:10.353] Adding entry into typings cache: 'get-intrinsic' => '/home/tony/.cache/typescript/4.1/node_modules/@types/get-intrinsic/index.d.ts'
[06:14:10.357] Adding entry into typings cache: 'get-value' => '/home/tony/.cache/typescript/4.1/node_modules/@types/get-value/index.d.ts'
[06:14:10.359] Adding entry into typings cache: 'getpass' => '/home/tony/.cache/typescript/4.1/node_modules/@types/getpass/index.d.ts'
[06:14:10.363] Adding entry into typings cache: 'glob' => '/home/tony/.cache/typescript/4.1/node_modules/@types/glob/index.d.ts'
[06:14:10.369] Adding entry into typings cache: 'glob-parent' => '/home/tony/.cache/typescript/4.1/node_modules/@types/glob-parent/index.d.ts'
[06:14:10.376] Adding entry into typings cache: 'glob-to-regexp' => '/home/tony/.cache/typescript/4.1/node_modules/@types/glob-to-regexp/index.d.ts'
[06:14:10.381] Adding entry into typings cache: 'global-modules' => '/home/tony/.cache/typescript/4.1/node_modules/@types/global-modules/index.d.ts'
[06:14:10.383] Adding entry into typings cache: 'global-prefix' => '/home/tony/.cache/typescript/4.1/node_modules/@types/global-prefix/index.d.ts'
[06:14:10.385] Adding entry into typings cache: 'got' => '/home/tony/.cache/typescript/4.1/node_modules/@types/got/index.d.ts'
[06:14:10.390] Adding entry into typings cache: 'graceful-fs' => '/home/tony/.cache/typescript/4.1/node_modules/@types/graceful-fs/index.d.ts'
[06:14:10.392] Adding entry into typings cache: 'graphql-type-json' => '/home/tony/.cache/typescript/4.1/node_modules/@types/graphql-type-json/index.d.ts'
[06:14:10.395] Adding entry into typings cache: 'graphql-upload' => '/home/tony/.cache/typescript/4.1/node_modules/@types/graphql-upload/index.d.ts'
[06:14:10.397] Adding entry into typings cache: 'has' => '/home/tony/.cache/typescript/4.1/node_modules/@types/has/index.d.ts'
[06:14:10.399] Adding entry into typings cache: 'has-ansi' => '/home/tony/.cache/typescript/4.1/node_modules/@types/has-ansi/index.d.ts'
[06:14:10.401] Adding entry into typings cache: 'has-symbols' => '/home/tony/.cache/typescript/4.1/node_modules/@types/has-symbols/index.d.ts'
[06:14:10.403] Adding entry into typings cache: 'he' => '/home/tony/.cache/typescript/4.1/node_modules/@types/he/index.d.ts'
[06:14:10.405] Adding entry into typings cache: 'hex-color-regex' => '/home/tony/.cache/typescript/4.1/node_modules/@types/hex-color-regex/index.d.ts'
[06:14:10.413] Adding entry into typings cache: 'hoist-non-react-statics' => '/home/tony/.cache/typescript/4.1/node_modules/@types/hoist-non-react-statics/index.d.ts'
[06:14:10.416] Adding entry into typings cache: 'hosted-git-info' => '/home/tony/.cache/typescript/4.1/node_modules/@types/hosted-git-info/index.d.ts'
[06:14:10.420] Adding entry into typings cache: 'html-encoding-sniffer' => '/home/tony/.cache/typescript/4.1/node_modules/@types/html-encoding-sniffer/index.d.ts'
[06:14:10.422] Adding entry into typings cache: 'html-escaper' => '/home/tony/.cache/typescript/4.1/node_modules/@types/html-escaper/index.d.ts'
[06:14:10.425] Adding entry into typings cache: 'html-minifier-terser' => '/home/tony/.cache/typescript/4.1/node_modules/@types/html-minifier-terser/index.d.ts'
[06:14:10.427] Adding entry into typings cache: 'htmlparser2' => '/home/tony/.cache/typescript/4.1/node_modules/@types/htmlparser2/index.d.ts'
[06:14:10.429] Adding entry into typings cache: 'http-cache-semantics' => '/home/tony/.cache/typescript/4.1/node_modules/@types/http-cache-semantics/index.d.ts'
[06:14:10.431] Adding entry into typings cache: 'http-errors' => '/home/tony/.cache/typescript/4.1/node_modules/@types/http-errors/index.d.ts'
[06:14:10.432] Adding entry into typings cache: 'http-proxy' => '/home/tony/.cache/typescript/4.1/node_modules/@types/http-proxy/index.d.ts'
[06:14:10.434] Adding entry into typings cache: 'http-proxy-middleware' => '/home/tony/.cache/typescript/4.1/node_modules/@types/http-proxy-middleware/index.d.ts'
[06:14:10.436] Adding entry into typings cache: 'icss-utils' => '/home/tony/.cache/typescript/4.1/node_modules/@types/icss-utils/index.d.ts'
[06:14:10.438] Adding entry into typings cache: 'iferr' => '/home/tony/.cache/typescript/4.1/node_modules/@types/iferr/index.d.ts'
[06:14:10.440] Adding entry into typings cache: 'imurmurhash' => '/home/tony/.cache/typescript/4.1/node_modules/@types/imurmurhash/index.d.ts'
[06:14:10.443] Adding entry into typings cache: 'inherits' => '/home/tony/.cache/typescript/4.1/node_modules/@types/inherits/index.d.ts'
[06:14:10.446] Adding entry into typings cache: 'ini' => '/home/tony/.cache/typescript/4.1/node_modules/@types/ini/index.d.ts'
[06:14:10.449] Adding entry into typings cache: 'inquirer' => '/home/tony/.cache/typescript/4.1/node_modules/@types/inquirer/index.d.ts'
[06:14:10.451] Adding entry into typings cache: 'internal-slot' => '/home/tony/.cache/typescript/4.1/node_modules/@types/internal-slot/index.d.ts'
[06:14:10.454] Adding entry into typings cache: 'interpret' => '/home/tony/.cache/typescript/4.1/node_modules/@types/interpret/index.d.ts'
[06:14:10.455] Adding entry into typings cache: 'invariant' => '/home/tony/.cache/typescript/4.1/node_modules/@types/invariant/index.d.ts'
[06:14:10.457] Adding entry into typings cache: 'ip' => '/home/tony/.cache/typescript/4.1/node_modules/@types/ip/index.d.ts'
[06:14:10.459] Adding entry into typings cache: 'is-alphanumerical' => '/home/tony/.cache/typescript/4.1/node_modules/@types/is-alphanumerical/index.d.ts'
[06:14:10.461] Adding entry into typings cache: 'is-arguments' => '/home/tony/.cache/typescript/4.1/node_modules/@types/is-arguments/index.d.ts'
[06:14:10.465] Adding entry into typings cache: 'is-buffer' => '/home/tony/.cache/typescript/4.1/node_modules/@types/is-buffer/index.d.ts'
[06:14:10.466] Adding entry into typings cache: 'is-callable' => '/home/tony/.cache/typescript/4.1/node_modules/@types/is-callable/index.d.ts'
[06:14:10.468] Adding entry into typings cache: 'is-ci' => '/home/tony/.cache/typescript/4.1/node_modules/@types/is-ci/index.d.ts'
[06:14:10.470] Adding entry into typings cache: 'is-core-module' => '/home/tony/.cache/typescript/4.1/node_modules/@types/is-core-module/index.d.ts'
[06:14:10.471] Adding entry into typings cache: 'is-date-object' => '/home/tony/.cache/typescript/4.1/node_modules/@types/is-date-object/index.d.ts'
[06:14:10.476] Adding entry into typings cache: 'is-glob' => '/home/tony/.cache/typescript/4.1/node_modules/@types/is-glob/index.d.ts'
[06:14:10.480] Adding entry into typings cache: 'is-number' => '/home/tony/.cache/typescript/4.1/node_modules/@types/is-number/index.d.ts'
[06:14:10.482] Adding entry into typings cache: 'is-object' => '/home/tony/.cache/typescript/4.1/node_modules/@types/is-object/index.d.ts'
[06:14:10.484] Adding entry into typings cache: 'is-promise' => '/home/tony/.cache/typescript/4.1/node_modules/@types/is-promise/index.d.ts'
[06:14:10.486] Adding entry into typings cache: 'is-regex' => '/home/tony/.cache/typescript/4.1/node_modules/@types/is-regex/index.d.ts'
[06:14:10.488] Adding entry into typings cache: 'is-relative' => '/home/tony/.cache/typescript/4.1/node_modules/@types/is-relative/index.d.ts'
[06:14:10.489] Adding entry into typings cache: 'is-ssh' => '/home/tony/.cache/typescript/4.1/node_modules/@types/is-ssh/index.d.ts'
[06:14:10.491] Adding entry into typings cache: 'is-typedarray' => '/home/tony/.cache/typescript/4.1/node_modules/@types/is-typedarray/index.d.ts'
[06:14:10.493] Adding entry into typings cache: 'is-unc-path' => '/home/tony/.cache/typescript/4.1/node_modules/@types/is-unc-path/index.d.ts'
[06:14:10.494] Adding entry into typings cache: 'is-url' => '/home/tony/.cache/typescript/4.1/node_modules/@types/is-url/index.d.ts'
[06:14:10.496] Adding entry into typings cache: 'is-valid-path' => '/home/tony/.cache/typescript/4.1/node_modules/@types/is-valid-path/index.d.ts'
[06:14:10.499] Adding entry into typings cache: 'is-windows' => '/home/tony/.cache/typescript/4.1/node_modules/@types/is-windows/index.d.ts'
[06:14:10.503] Adding entry into typings cache: 'isarray' => '/home/tony/.cache/typescript/4.1/node_modules/@types/isarray/index.d.ts'
[06:14:10.505] Adding entry into typings cache: 'isexe' => '/home/tony/.cache/typescript/4.1/node_modules/@types/isexe/index.d.ts'
[06:14:10.506] Adding entry into typings cache: 'isomorphic-form-data' => '/home/tony/.cache/typescript/4.1/node_modules/@types/isomorphic-form-data/index.d.ts'
[06:14:10.509] Adding entry into typings cache: 'isstream' => '/home/tony/.cache/typescript/4.1/node_modules/@types/isstream/index.d.ts'
[06:14:10.511] Adding entry into typings cache: 'istanbul-lib-coverage' => '/home/tony/.cache/typescript/4.1/node_modules/@types/istanbul-lib-coverage/index.d.ts'
[06:14:10.513] Adding entry into typings cache: 'istanbul-lib-instrument' => '/home/tony/.cache/typescript/4.1/node_modules/@types/istanbul-lib-instrument/index.d.ts'
[06:14:10.515] Adding entry into typings cache: 'istanbul-lib-report' => '/home/tony/.cache/typescript/4.1/node_modules/@types/istanbul-lib-report/index.d.ts'
[06:14:10.517] Adding entry into typings cache: 'istanbul-lib-source-maps' => '/home/tony/.cache/typescript/4.1/node_modules/@types/istanbul-lib-source-maps/index.d.ts'
[06:14:10.520] Adding entry into typings cache: 'istanbul-reports' => '/home/tony/.cache/typescript/4.1/node_modules/@types/istanbul-reports/index.d.ts'
[06:14:10.522] Adding entry into typings cache: 'js-yaml' => '/home/tony/.cache/typescript/4.1/node_modules/@types/js-yaml/index.d.ts'
[06:14:10.524] Adding entry into typings cache: 'jsbn' => '/home/tony/.cache/typescript/4.1/node_modules/@types/jsbn/index.d.ts'
[06:14:10.526] Adding entry into typings cache: 'jsdom' => '/home/tony/.cache/typescript/4.1/node_modules/@types/jsdom/index.d.ts'
[06:14:10.528] Adding entry into typings cache: 'jsesc' => '/home/tony/.cache/typescript/4.1/node_modules/@types/jsesc/index.d.ts'
[06:14:10.530] Adding entry into typings cache: 'json-buffer' => '/home/tony/.cache/typescript/4.1/node_modules/@types/json-buffer/index.d.ts'
[06:14:10.533] Adding entry into typings cache: 'json-parse-better-errors' => '/home/tony/.cache/typescript/4.1/node_modules/@types/json-parse-better-errors/index.d.ts'
[06:14:10.535] Adding entry into typings cache: 'json-schema' => '/home/tony/.cache/typescript/4.1/node_modules/@types/json-schema/index.d.ts'
[06:14:10.538] Adding entry into typings cache: 'json-stringify-safe' => '/home/tony/.cache/typescript/4.1/node_modules/@types/json-stringify-safe/index.d.ts'
[06:14:10.540] Adding entry into typings cache: 'json3' => '/home/tony/.cache/typescript/4.1/node_modules/@types/json3/index.d.ts'
[06:14:10.543] Adding entry into typings cache: 'jsonfile' => '/home/tony/.cache/typescript/4.1/node_modules/@types/jsonfile/index.d.ts'
[06:14:10.546] Adding entry into typings cache: 'keyv' => '/home/tony/.cache/typescript/4.1/node_modules/@types/keyv/index.d.ts'
[06:14:10.551] Adding entry into typings cache: 'kind-of' => '/home/tony/.cache/typescript/4.1/node_modules/@types/kind-of/index.d.ts'
[06:14:10.553] Adding entry into typings cache: 'language-tags' => '/home/tony/.cache/typescript/4.1/node_modules/@types/language-tags/index.d.ts'
[06:14:10.556] Adding entry into typings cache: 'line-column' => '/home/tony/.cache/typescript/4.1/node_modules/@types/line-column/index.d.ts'
[06:14:10.565] Adding entry into typings cache: 'loader-runner' => '/home/tony/.cache/typescript/4.1/node_modules/@types/loader-runner/index.d.ts'
[06:14:10.567] Adding entry into typings cache: 'loader-utils' => '/home/tony/.cache/typescript/4.1/node_modules/@types/loader-utils/index.d.ts'
[06:14:10.573] Adding entry into typings cache: 'lodash' => '/home/tony/.cache/typescript/4.1/node_modules/@types/lodash/index.d.ts'
[06:14:10.575] Adding entry into typings cache: 'lodash.clonedeep' => '/home/tony/.cache/typescript/4.1/node_modules/@types/lodash.clonedeep/index.d.ts'
[06:14:10.578] Adding entry into typings cache: 'lodash.deburr' => '/home/tony/.cache/typescript/4.1/node_modules/@types/lodash.deburr/index.d.ts'
[06:14:10.580] Adding entry into typings cache: 'lodash.difference' => '/home/tony/.cache/typescript/4.1/node_modules/@types/lodash.difference/index.d.ts'
[06:14:10.582] Adding entry into typings cache: 'lodash.every' => '/home/tony/.cache/typescript/4.1/node_modules/@types/lodash.every/index.d.ts'
[06:14:10.585] Adding entry into typings cache: 'lodash.flatten' => '/home/tony/.cache/typescript/4.1/node_modules/@types/lodash.flatten/index.d.ts'
[06:14:10.589] Adding entry into typings cache: 'lodash.flattendeep' => '/home/tony/.cache/typescript/4.1/node_modules/@types/lodash.flattendeep/index.d.ts'
[06:14:10.593] Adding entry into typings cache: 'lodash.foreach' => '/home/tony/.cache/typescript/4.1/node_modules/@types/lodash.foreach/index.d.ts'
[06:14:10.596] Adding entry into typings cache: 'lodash.forown' => '/home/tony/.cache/typescript/4.1/node_modules/@types/lodash.forown/index.d.ts'
[06:14:10.598] Adding entry into typings cache: 'lodash.get' => '/home/tony/.cache/typescript/4.1/node_modules/@types/lodash.get/index.d.ts'
[06:14:10.600] Adding entry into typings cache: 'lodash.groupby' => '/home/tony/.cache/typescript/4.1/node_modules/@types/lodash.groupby/index.d.ts'
[06:14:10.602] Adding entry into typings cache: 'lodash.isplainobject' => '/home/tony/.cache/typescript/4.1/node_modules/@types/lodash.isplainobject/index.d.ts'
[06:14:10.605] Adding entry into typings cache: 'lodash.maxby' => '/home/tony/.cache/typescript/4.1/node_modules/@types/lodash.maxby/index.d.ts'
[06:14:10.608] Adding entry into typings cache: 'lodash.memoize' => '/home/tony/.cache/typescript/4.1/node_modules/@types/lodash.memoize/index.d.ts'
[06:14:10.611] Adding entry into typings cache: 'lodash.sortby' => '/home/tony/.cache/typescript/4.1/node_modules/@types/lodash.sortby/index.d.ts'
[06:14:10.614] Adding entry into typings cache: 'lodash.template' => '/home/tony/.cache/typescript/4.1/node_modules/@types/lodash.template/index.d.ts'
[06:14:10.617] Adding entry into typings cache: 'lodash.toarray' => '/home/tony/.cache/typescript/4.1/node_modules/@types/lodash.toarray/index.d.ts'
[06:14:10.620] Adding entry into typings cache: 'lodash.uniq' => '/home/tony/.cache/typescript/4.1/node_modules/@types/lodash.uniq/index.d.ts'
[06:14:10.623] Adding entry into typings cache: 'lodash.without' => '/home/tony/.cache/typescript/4.1/node_modules/@types/lodash.without/index.d.ts'
[06:14:10.625] Adding entry into typings cache: 'lru-cache' => '/home/tony/.cache/typescript/4.1/node_modules/@types/lru-cache/index.d.ts'
[06:14:10.628] Adding entry into typings cache: 'lz-string' => '/home/tony/.cache/typescript/4.1/node_modules/@types/lz-string/index.d.ts'
[06:14:10.631] Adding entry into typings cache: 'markdown-escapes' => '/home/tony/.cache/typescript/4.1/node_modules/@types/markdown-escapes/index.d.ts'
[06:14:10.634] Adding entry into typings cache: 'markdown-table' => '/home/tony/.cache/typescript/4.1/node_modules/@types/markdown-table/index.d.ts'
[06:14:10.636] Adding entry into typings cache: 'md5-file' => '/home/tony/.cache/typescript/4.1/node_modules/@types/md5-file/index.d.ts'
[06:14:10.638] Adding entry into typings cache: 'media-typer' => '/home/tony/.cache/typescript/4.1/node_modules/@types/media-typer/index.d.ts'
[06:14:10.640] Adding entry into typings cache: 'memoizee' => '/home/tony/.cache/typescript/4.1/node_modules/@types/memoizee/index.d.ts'
[06:14:10.642] Adding entry into typings cache: 'memory-fs' => '/home/tony/.cache/typescript/4.1/node_modules/@types/memory-fs/index.d.ts'
[06:14:10.644] Adding entry into typings cache: 'merge-descriptors' => '/home/tony/.cache/typescript/4.1/node_modules/@types/merge-descriptors/index.d.ts'
[06:14:10.647] Adding entry into typings cache: 'merge-stream' => '/home/tony/.cache/typescript/4.1/node_modules/@types/merge-stream/index.d.ts'
[06:14:10.649] Adding entry into typings cache: 'merge2' => '/home/tony/.cache/typescript/4.1/node_modules/@types/merge2/index.d.ts'
[06:14:10.651] Adding entry into typings cache: 'methods' => '/home/tony/.cache/typescript/4.1/node_modules/@types/methods/index.d.ts'
[06:14:10.656] Adding entry into typings cache: 'micromatch' => '/home/tony/.cache/typescript/4.1/node_modules/@types/micromatch/index.d.ts'
[06:14:10.658] Adding entry into typings cache: 'mime' => '/home/tony/.cache/typescript/4.1/node_modules/@types/mime/index.d.ts'
[06:14:10.661] Adding entry into typings cache: 'mime-db' => '/home/tony/.cache/typescript/4.1/node_modules/@types/mime-db/index.d.ts'
[06:14:10.666] Adding entry into typings cache: 'mime-types' => '/home/tony/.cache/typescript/4.1/node_modules/@types/mime-types/index.d.ts'
[06:14:10.668] Adding entry into typings cache: 'min-document' => '/home/tony/.cache/typescript/4.1/node_modules/@types/min-document/index.d.ts'
[06:14:10.670] Adding entry into typings cache: 'min-indent' => '/home/tony/.cache/typescript/4.1/node_modules/@types/min-indent/index.d.ts'
[06:14:10.672] Adding entry into typings cache: 'mini-css-extract-plugin' => '/home/tony/.cache/typescript/4.1/node_modules/@types/mini-css-extract-plugin/index.d.ts'
[06:14:10.675] Adding entry into typings cache: 'minimalistic-assert' => '/home/tony/.cache/typescript/4.1/node_modules/@types/minimalistic-assert/index.d.ts'
[06:14:10.677] Adding entry into typings cache: 'minimatch' => '/home/tony/.cache/typescript/4.1/node_modules/@types/minimatch/index.d.ts'
[06:14:10.678] Adding entry into typings cache: 'minimist' => '/home/tony/.cache/typescript/4.1/node_modules/@types/minimist/index.d.ts'
[06:14:10.680] Adding entry into typings cache: 'minipass' => '/home/tony/.cache/typescript/4.1/node_modules/@types/minipass/index.d.ts'
[06:14:10.681] Adding entry into typings cache: 'mkdirp' => '/home/tony/.cache/typescript/4.1/node_modules/@types/mkdirp/index.d.ts'
[06:14:10.683] Adding entry into typings cache: 'move-concurrently' => '/home/tony/.cache/typescript/4.1/node_modules/@types/move-concurrently/index.d.ts'
[06:14:10.686] Adding entry into typings cache: 'ms' => '/home/tony/.cache/typescript/4.1/node_modules/@types/ms/index.d.ts'
[06:14:10.688] Adding entry into typings cache: 'mute-stream' => '/home/tony/.cache/typescript/4.1/node_modules/@types/mute-stream/index.d.ts'
[06:14:10.689] Adding entry into typings cache: 'name-all-modules-plugin' => '/home/tony/.cache/typescript/4.1/node_modules/@types/name-all-modules-plugin/index.d.ts'
[06:14:10.692] Adding entry into typings cache: 'natural-compare' => '/home/tony/.cache/typescript/4.1/node_modules/@types/natural-compare/index.d.ts'
[06:14:10.694] Adding entry into typings cache: 'negotiator' => '/home/tony/.cache/typescript/4.1/node_modules/@types/negotiator/index.d.ts'
[06:14:10.696] Adding entry into typings cache: 'next-tick' => '/home/tony/.cache/typescript/4.1/node_modules/@types/next-tick/index.d.ts'
[06:14:10.702] Adding entry into typings cache: 'nice-try' => '/home/tony/.cache/typescript/4.1/node_modules/@types/nice-try/index.d.ts'
[06:14:10.705] Adding entry into typings cache: 'node-abi' => '/home/tony/.cache/typescript/4.1/node_modules/@types/node-abi/index.d.ts'
[06:14:10.708] Adding entry into typings cache: 'node-emoji' => '/home/tony/.cache/typescript/4.1/node_modules/@types/node-emoji/index.d.ts'
[06:14:10.711] Adding entry into typings cache: 'node-fetch' => '/home/tony/.cache/typescript/4.1/node_modules/@types/node-fetch/index.d.ts'
[06:14:10.713] Adding entry into typings cache: 'node-forge' => '/home/tony/.cache/typescript/4.1/node_modules/@types/node-forge/index.d.ts'
[06:14:10.716] Adding entry into typings cache: 'node-int64' => '/home/tony/.cache/typescript/4.1/node_modules/@types/node-int64/index.d.ts'
[06:14:10.718] Adding entry into typings cache: 'node-notifier' => '/home/tony/.cache/typescript/4.1/node_modules/@types/node-notifier/index.d.ts'
[06:14:10.721] Adding entry into typings cache: 'normalize-package-data' => '/home/tony/.cache/typescript/4.1/node_modules/@types/normalize-package-data/index.d.ts'
[06:14:10.726] Adding entry into typings cache: 'normalize-path' => '/home/tony/.cache/typescript/4.1/node_modules/@types/normalize-path/index.d.ts'
[06:14:10.729] Adding entry into typings cache: 'npmlog' => '/home/tony/.cache/typescript/4.1/node_modules/@types/npmlog/index.d.ts'
[06:14:10.731] Adding entry into typings cache: 'num2fraction' => '/home/tony/.cache/typescript/4.1/node_modules/@types/num2fraction/index.d.ts'
[06:14:10.733] Adding entry into typings cache: 'number-is-nan' => '/home/tony/.cache/typescript/4.1/node_modules/@types/number-is-nan/index.d.ts'
[06:14:10.734] Adding entry into typings cache: 'object-assign' => '/home/tony/.cache/typescript/4.1/node_modules/@types/object-assign/index.d.ts'
[06:14:10.736] Adding entry into typings cache: 'object-hash' => '/home/tony/.cache/typescript/4.1/node_modules/@types/object-hash/index.d.ts'
[06:14:10.738] Adding entry into typings cache: 'object-inspect' => '/home/tony/.cache/typescript/4.1/node_modules/@types/object-inspect/index.d.ts'
[06:14:10.740] Adding entry into typings cache: 'object-keys' => '/home/tony/.cache/typescript/4.1/node_modules/@types/object-keys/index.d.ts'
[06:14:10.742] Adding entry into typings cache: 'object-path' => '/home/tony/.cache/typescript/4.1/node_modules/@types/object-path/index.d.ts'
[06:14:10.744] Adding entry into typings cache: 'object.fromentries' => '/home/tony/.cache/typescript/4.1/node_modules/@types/object.fromentries/index.d.ts'
[06:14:10.746] Adding entry into typings cache: 'object.getownpropertydescriptors' => '/home/tony/.cache/typescript/4.1/node_modules/@types/object.getownpropertydescriptors/index.d.ts'
[06:14:10.750] Adding entry into typings cache: 'object.pick' => '/home/tony/.cache/typescript/4.1/node_modules/@types/object.pick/index.d.ts'
[06:14:10.753] Adding entry into typings cache: 'on-finished' => '/home/tony/.cache/typescript/4.1/node_modules/@types/on-finished/index.d.ts'
[06:14:10.756] Adding entry into typings cache: 'on-headers' => '/home/tony/.cache/typescript/4.1/node_modules/@types/on-headers/index.d.ts'
[06:14:10.758] Adding entry into typings cache: 'once' => '/home/tony/.cache/typescript/4.1/node_modules/@types/once/index.d.ts'
[06:14:10.761] Adding entry into typings cache: 'optimize-css-assets-webpack-plugin' => '/home/tony/.cache/typescript/4.1/node_modules/@types/optimize-css-assets-webpack-plugin/index.d.ts'
[06:14:10.764] Adding entry into typings cache: 'original' => '/home/tony/.cache/typescript/4.1/node_modules/@types/original/index.d.ts'
[06:14:10.769] Adding entry into typings cache: 'os-tmpdir' => '/home/tony/.cache/typescript/4.1/node_modules/@types/os-tmpdir/index.d.ts'
[06:14:10.771] Adding entry into typings cache: 'pako' => '/home/tony/.cache/typescript/4.1/node_modules/@types/pako/index.d.ts'
[06:14:10.773] Adding entry into typings cache: 'parallel-transform' => '/home/tony/.cache/typescript/4.1/node_modules/@types/parallel-transform/index.d.ts'
[06:14:10.778] Adding entry into typings cache: 'parse-json' => '/home/tony/.cache/typescript/4.1/node_modules/@types/parse-json/index.d.ts'
[06:14:10.780] Adding entry into typings cache: 'parse-passwd' => '/home/tony/.cache/typescript/4.1/node_modules/@types/parse-passwd/index.d.ts'
[06:14:10.783] Adding entry into typings cache: 'parse-path' => '/home/tony/.cache/typescript/4.1/node_modules/@types/parse-path/index.d.ts'
[06:14:10.785] Adding entry into typings cache: 'parse5' => '/home/tony/.cache/typescript/4.1/node_modules/@types/parse5/index.d.ts'
[06:14:10.788] Adding entry into typings cache: 'parseurl' => '/home/tony/.cache/typescript/4.1/node_modules/@types/parseurl/index.d.ts'
[06:14:10.791] Adding entry into typings cache: 'pascalcase' => '/home/tony/.cache/typescript/4.1/node_modules/@types/pascalcase/index.d.ts'
[06:14:10.794] Adding entry into typings cache: 'path-is-absolute' => '/home/tony/.cache/typescript/4.1/node_modules/@types/path-is-absolute/index.d.ts'
[06:14:10.795] Adding entry into typings cache: 'path-is-inside' => '/home/tony/.cache/typescript/4.1/node_modules/@types/path-is-inside/index.d.ts'
[06:14:10.797] Adding entry into typings cache: 'path-parse' => '/home/tony/.cache/typescript/4.1/node_modules/@types/path-parse/index.d.ts'
[06:14:10.799] Adding entry into typings cache: 'pbkdf2' => '/home/tony/.cache/typescript/4.1/node_modules/@types/pbkdf2/index.d.ts'
[06:14:10.801] Adding entry into typings cache: 'physical-cpu-count' => '/home/tony/.cache/typescript/4.1/node_modules/@types/physical-cpu-count/index.d.ts'
[06:14:10.802] Adding entry into typings cache: 'picomatch' => '/home/tony/.cache/typescript/4.1/node_modules/@types/picomatch/index.d.ts'
[06:14:10.804] Adding entry into typings cache: 'pify' => '/home/tony/.cache/typescript/4.1/node_modules/@types/pify/index.d.ts'
[06:14:10.806] Adding entry into typings cache: 'platform' => '/home/tony/.cache/typescript/4.1/node_modules/@types/platform/index.d.ts'
[06:14:10.808] Adding entry into typings cache: 'postcss-calc' => '/home/tony/.cache/typescript/4.1/node_modules/@types/postcss-calc/index.d.ts'
[06:14:10.810] Adding entry into typings cache: 'postcss-custom-properties' => '/home/tony/.cache/typescript/4.1/node_modules/@types/postcss-custom-properties/index.d.ts'
[06:14:10.812] Adding entry into typings cache: 'postcss-flexbugs-fixes' => '/home/tony/.cache/typescript/4.1/node_modules/@types/postcss-flexbugs-fixes/index.d.ts'
[06:14:10.815] Adding entry into typings cache: 'postcss-focus-within' => '/home/tony/.cache/typescript/4.1/node_modules/@types/postcss-focus-within/index.d.ts'
[06:14:10.817] Adding entry into typings cache: 'postcss-gap-properties' => '/home/tony/.cache/typescript/4.1/node_modules/@types/postcss-gap-properties/index.d.ts'
[06:14:10.818] Adding entry into typings cache: 'postcss-load-config' => '/home/tony/.cache/typescript/4.1/node_modules/@types/postcss-load-config/index.d.ts'
[06:14:10.820] Adding entry into typings cache: 'postcss-modules-extract-imports' => '/home/tony/.cache/typescript/4.1/node_modules/@types/postcss-modules-extract-imports/index.d.ts'
[06:14:10.822] Adding entry into typings cache: 'postcss-modules-local-by-default' => '/home/tony/.cache/typescript/4.1/node_modules/@types/postcss-modules-local-by-default/index.d.ts'
[06:14:10.823] Adding entry into typings cache: 'postcss-modules-scope' => '/home/tony/.cache/typescript/4.1/node_modules/@types/postcss-modules-scope/index.d.ts'
[06:14:10.825] Adding entry into typings cache: 'postcss-modules-values' => '/home/tony/.cache/typescript/4.1/node_modules/@types/postcss-modules-values/index.d.ts'
[06:14:10.828] Adding entry into typings cache: 'postcss-normalize' => '/home/tony/.cache/typescript/4.1/node_modules/@types/postcss-normalize/index.d.ts'
[06:14:10.830] Adding entry into typings cache: 'postcss-preset-env' => '/home/tony/.cache/typescript/4.1/node_modules/@types/postcss-preset-env/index.d.ts'
[06:14:10.832] Adding entry into typings cache: 'postcss-reporter' => '/home/tony/.cache/typescript/4.1/node_modules/@types/postcss-reporter/index.d.ts'
[06:14:10.834] Adding entry into typings cache: 'postcss-safe-parser' => '/home/tony/.cache/typescript/4.1/node_modules/@types/postcss-safe-parser/index.d.ts'
[06:14:10.836] Adding entry into typings cache: 'prelude-ls' => '/home/tony/.cache/typescript/4.1/node_modules/@types/prelude-ls/index.d.ts'
[06:14:10.838] Adding entry into typings cache: 'prettier' => '/home/tony/.cache/typescript/4.1/node_modules/@types/prettier/index.d.ts'
[06:14:10.839] Adding entry into typings cache: 'pretty-hrtime' => '/home/tony/.cache/typescript/4.1/node_modules/@types/pretty-hrtime/index.d.ts'
[06:14:10.841] Adding entry into typings cache: 'progress' => '/home/tony/.cache/typescript/4.1/node_modules/@types/progress/index.d.ts'
[06:14:10.843] Adding entry into typings cache: 'promise-inflight' => '/home/tony/.cache/typescript/4.1/node_modules/@types/promise-inflight/index.d.ts'
[06:14:10.844] Adding entry into typings cache: 'prompts' => '/home/tony/.cache/typescript/4.1/node_modules/@types/prompts/index.d.ts'
[06:14:10.846] Adding entry into typings cache: 'prop-types' => '/home/tony/.cache/typescript/4.1/node_modules/@types/prop-types/index.d.ts'
[06:14:10.848] Adding entry into typings cache: 'proper-lockfile' => '/home/tony/.cache/typescript/4.1/node_modules/@types/proper-lockfile/index.d.ts'
[06:14:10.850] Adding entry into typings cache: 'protocols' => '/home/tony/.cache/typescript/4.1/node_modules/@types/protocols/index.d.ts'
[06:14:10.851] Adding entry into typings cache: 'proxy-addr' => '/home/tony/.cache/typescript/4.1/node_modules/@types/proxy-addr/index.d.ts'
[06:14:10.853] Adding entry into typings cache: 'psl' => '/home/tony/.cache/typescript/4.1/node_modules/@types/psl/index.d.ts'
[06:14:10.854] Adding entry into typings cache: 'pump' => '/home/tony/.cache/typescript/4.1/node_modules/@types/pump/index.d.ts'
[06:14:10.856] Adding entry into typings cache: 'pumpify' => '/home/tony/.cache/typescript/4.1/node_modules/@types/pumpify/index.d.ts'
[06:14:10.860] Adding entry into typings cache: 'punycode' => '/home/tony/.cache/typescript/4.1/node_modules/@types/punycode/index.d.ts'
[06:14:10.862] Adding entry into typings cache: 'q' => '/home/tony/.cache/typescript/4.1/node_modules/@types/q/index.d.ts'
[06:14:10.864] Adding entry into typings cache: 'qs' => '/home/tony/.cache/typescript/4.1/node_modules/@types/qs/index.d.ts'
[06:14:10.866] Adding entry into typings cache: 'querystringify' => '/home/tony/.cache/typescript/4.1/node_modules/@types/querystringify/index.d.ts'
[06:14:10.868] Adding entry into typings cache: 'raf' => '/home/tony/.cache/typescript/4.1/node_modules/@types/raf/index.d.ts'
[06:14:10.873] Adding entry into typings cache: 'randombytes' => '/home/tony/.cache/typescript/4.1/node_modules/@types/randombytes/index.d.ts'
[06:14:10.876] Adding entry into typings cache: 'range-parser' => '/home/tony/.cache/typescript/4.1/node_modules/@types/range-parser/index.d.ts'
[06:14:10.884] Adding entry into typings cache: 'rc' => '/home/tony/.cache/typescript/4.1/node_modules/@types/rc/index.d.ts'
[06:14:10.889] Adding entry into typings cache: 'react' => '/home/tony/.cache/typescript/4.1/node_modules/@types/react/index.d.ts'
[06:14:10.892] Adding entry into typings cache: 'react-dev-utils' => '/home/tony/.cache/typescript/4.1/node_modules/@types/react-dev-utils/index.d.ts'
[06:14:10.894] Adding entry into typings cache: 'react-dom' => '/home/tony/.cache/typescript/4.1/node_modules/@types/react-dom/index.d.ts'
[06:14:10.901] Adding entry into typings cache: 'react-is' => '/home/tony/.cache/typescript/4.1/node_modules/@types/react-is/index.d.ts'
[06:14:10.903] Adding entry into typings cache: 'react-lifecycles-compat' => '/home/tony/.cache/typescript/4.1/node_modules/@types/react-lifecycles-compat/index.d.ts'
[06:14:10.905] Adding entry into typings cache: 'read' => '/home/tony/.cache/typescript/4.1/node_modules/@types/read/index.d.ts'
[06:14:10.908] Adding entry into typings cache: 'readable-stream' => '/home/tony/.cache/typescript/4.1/node_modules/@types/readable-stream/index.d.ts'
[06:14:10.910] Adding entry into typings cache: 'rechoir' => '/home/tony/.cache/typescript/4.1/node_modules/@types/rechoir/index.d.ts'
[06:14:10.912] Adding entry into typings cache: 'recursive-readdir' => '/home/tony/.cache/typescript/4.1/node_modules/@types/recursive-readdir/index.d.ts'
[06:14:10.914] Adding entry into typings cache: 'regenerator-runtime' => '/home/tony/.cache/typescript/4.1/node_modules/@types/regenerator-runtime/index.d.ts'
[06:14:10.915] Adding entry into typings cache: 'registry-auth-token' => '/home/tony/.cache/typescript/4.1/node_modules/@types/registry-auth-token/index.d.ts'
[06:14:10.917] Adding entry into typings cache: 'relateurl' => '/home/tony/.cache/typescript/4.1/node_modules/@types/relateurl/index.d.ts'
[06:14:10.921] Adding entry into typings cache: 'repeat-element' => '/home/tony/.cache/typescript/4.1/node_modules/@types/repeat-element/index.d.ts'
[06:14:10.925] Adding entry into typings cache: 'repeat-string' => '/home/tony/.cache/typescript/4.1/node_modules/@types/repeat-string/index.d.ts'
[06:14:10.927] Adding entry into typings cache: 'request' => '/home/tony/.cache/typescript/4.1/node_modules/@types/request/index.d.ts'
[06:14:10.929] Adding entry into typings cache: 'request-promise-native' => '/home/tony/.cache/typescript/4.1/node_modules/@types/request-promise-native/index.d.ts'
[06:14:10.930] Adding entry into typings cache: 'require-directory' => '/home/tony/.cache/typescript/4.1/node_modules/@types/require-directory/index.d.ts'
[06:14:10.932] Adding entry into typings cache: 'require-from-string' => '/home/tony/.cache/typescript/4.1/node_modules/@types/require-from-string/index.d.ts'
[06:14:10.934] Adding entry into typings cache: 'requires-port' => '/home/tony/.cache/typescript/4.1/node_modules/@types/requires-port/index.d.ts'
[06:14:10.936] Adding entry into typings cache: 'resolve' => '/home/tony/.cache/typescript/4.1/node_modules/@types/resolve/index.d.ts'
[06:14:10.939] Adding entry into typings cache: 'responselike' => '/home/tony/.cache/typescript/4.1/node_modules/@types/responselike/index.d.ts'
[06:14:10.941] Adding entry into typings cache: 'retry' => '/home/tony/.cache/typescript/4.1/node_modules/@types/retry/index.d.ts'
[06:14:10.943] Adding entry into typings cache: 'rimraf' => '/home/tony/.cache/typescript/4.1/node_modules/@types/rimraf/index.d.ts'
[06:14:10.946] Adding entry into typings cache: 'ripemd160' => '/home/tony/.cache/typescript/4.1/node_modules/@types/ripemd160/index.d.ts'
[06:14:10.948] Adding entry into typings cache: 'rsvp' => '/home/tony/.cache/typescript/4.1/node_modules/@types/rsvp/index.d.ts'
[06:14:10.951] Adding entry into typings cache: 'run-parallel' => '/home/tony/.cache/typescript/4.1/node_modules/@types/run-parallel/index.d.ts'
[06:14:10.953] Adding entry into typings cache: 'rx-lite' => '/home/tony/.cache/typescript/4.1/node_modules/@types/rx-lite/index.d.ts'
[06:14:10.955] Adding entry into typings cache: 'rx-lite-aggregates' => '/home/tony/.cache/typescript/4.1/node_modules/@types/rx-lite-aggregates/index.d.ts'
[06:14:10.959] Adding entry into typings cache: 'safe-regex' => '/home/tony/.cache/typescript/4.1/node_modules/@types/safe-regex/index.d.ts'
[06:14:10.961] Adding entry into typings cache: 'safer-buffer' => '/home/tony/.cache/typescript/4.1/node_modules/@types/safer-buffer/index.d.ts'
[06:14:10.964] Adding entry into typings cache: 'sane' => '/home/tony/.cache/typescript/4.1/node_modules/@types/sane/index.d.ts'
[06:14:10.966] Adding entry into typings cache: 'sass-loader' => '/home/tony/.cache/typescript/4.1/node_modules/@types/sass-loader/index.d.ts'
[06:14:10.969] Adding entry into typings cache: 'sax' => '/home/tony/.cache/typescript/4.1/node_modules/@types/sax/index.d.ts'
[06:14:10.971] Adding entry into typings cache: 'scheduler' => '/home/tony/.cache/typescript/4.1/node_modules/@types/scheduler/index.d.ts'
[06:14:10.974] Adding entry into typings cache: 'semver' => '/home/tony/.cache/typescript/4.1/node_modules/@types/semver/index.d.ts'
[06:14:10.976] Adding entry into typings cache: 'send' => '/home/tony/.cache/typescript/4.1/node_modules/@types/send/index.d.ts'
[06:14:10.981] Adding entry into typings cache: 'serialize-javascript' => '/home/tony/.cache/typescript/4.1/node_modules/@types/serialize-javascript/index.d.ts'
[06:14:10.984] Adding entry into typings cache: 'serve-index' => '/home/tony/.cache/typescript/4.1/node_modules/@types/serve-index/index.d.ts'
[06:14:10.987] Adding entry into typings cache: 'serve-static' => '/home/tony/.cache/typescript/4.1/node_modules/@types/serve-static/index.d.ts'
[06:14:10.992] Adding entry into typings cache: 'set-value' => '/home/tony/.cache/typescript/4.1/node_modules/@types/set-value/index.d.ts'
[06:14:10.995] Adding entry into typings cache: 'setimmediate' => '/home/tony/.cache/typescript/4.1/node_modules/@types/setimmediate/index.d.ts'
[06:14:10.998] Adding entry into typings cache: 'sha.js' => '/home/tony/.cache/typescript/4.1/node_modules/@types/sha.js/index.d.ts'
[06:14:11.001] Adding entry into typings cache: 'shallowequal' => '/home/tony/.cache/typescript/4.1/node_modules/@types/shallowequal/index.d.ts'
[06:14:11.004] Adding entry into typings cache: 'sharp' => '/home/tony/.cache/typescript/4.1/node_modules/@types/sharp/index.d.ts'
[06:14:11.006] Adding entry into typings cache: 'shebang-command' => '/home/tony/.cache/typescript/4.1/node_modules/@types/shebang-command/index.d.ts'
[06:14:11.009] Adding entry into typings cache: 'shell-quote' => '/home/tony/.cache/typescript/4.1/node_modules/@types/shell-quote/index.d.ts'
[06:14:11.011] Adding entry into typings cache: 'signal-exit' => '/home/tony/.cache/typescript/4.1/node_modules/@types/signal-exit/index.d.ts'
[06:14:11.014] Adding entry into typings cache: 'single-trailing-newline' => '/home/tony/.cache/typescript/4.1/node_modules/@types/single-trailing-newline/index.d.ts'
[06:14:11.016] Adding entry into typings cache: 'slice-ansi' => '/home/tony/.cache/typescript/4.1/node_modules/@types/slice-ansi/index.d.ts'
[06:14:11.018] Adding entry into typings cache: 'socket.io' => '/home/tony/.cache/typescript/4.1/node_modules/@types/socket.io/index.d.ts'
[06:14:11.020] Adding entry into typings cache: 'socket.io-client' => '/home/tony/.cache/typescript/4.1/node_modules/@types/socket.io-client/index.d.ts'
[06:14:11.022] Adding entry into typings cache: 'socket.io-parser' => '/home/tony/.cache/typescript/4.1/node_modules/@types/socket.io-parser/index.d.ts'
[06:14:11.024] Adding entry into typings cache: 'sockjs' => '/home/tony/.cache/typescript/4.1/node_modules/@types/sockjs/index.d.ts'
[06:14:11.025] Adding entry into typings cache: 'sockjs-client' => '/home/tony/.cache/typescript/4.1/node_modules/@types/sockjs-client/index.d.ts'
[06:14:11.030] Adding entry into typings cache: 'source-list-map' => '/home/tony/.cache/typescript/4.1/node_modules/@types/source-list-map/index.d.ts'
[06:14:11.033] Adding entry into typings cache: 'source-map-support' => '/home/tony/.cache/typescript/4.1/node_modules/@types/source-map-support/index.d.ts'
[06:14:11.035] Adding entry into typings cache: 'spdx-correct' => '/home/tony/.cache/typescript/4.1/node_modules/@types/spdx-correct/index.d.ts'
[06:14:11.036] Adding entry into typings cache: 'spdx-expression-parse' => '/home/tony/.cache/typescript/4.1/node_modules/@types/spdx-expression-parse/index.d.ts'
[06:14:11.038] Adding entry into typings cache: 'spdy' => '/home/tony/.cache/typescript/4.1/node_modules/@types/spdy/index.d.ts'
[06:14:11.040] Adding entry into typings cache: 'sprintf' => '/home/tony/.cache/typescript/4.1/node_modules/@types/sprintf/index.d.ts'
[06:14:11.042] Adding entry into typings cache: 'sprintf-js' => '/home/tony/.cache/typescript/4.1/node_modules/@types/sprintf-js/index.d.ts'
[06:14:11.044] Adding entry into typings cache: 'sshpk' => '/home/tony/.cache/typescript/4.1/node_modules/@types/sshpk/index.d.ts'
[06:14:11.046] Adding entry into typings cache: 'ssri' => '/home/tony/.cache/typescript/4.1/node_modules/@types/ssri/index.d.ts'
[06:14:11.049] Adding entry into typings cache: 'stack-trace' => '/home/tony/.cache/typescript/4.1/node_modules/@types/stack-trace/index.d.ts'
[06:14:11.050] Adding entry into typings cache: 'stack-utils' => '/home/tony/.cache/typescript/4.1/node_modules/@types/stack-utils/index.d.ts'
[06:14:11.052] Adding entry into typings cache: 'statuses' => '/home/tony/.cache/typescript/4.1/node_modules/@types/statuses/index.d.ts'
[06:14:11.053] Adding entry into typings cache: 'stream-each' => '/home/tony/.cache/typescript/4.1/node_modules/@types/stream-each/index.d.ts'
[06:14:11.055] Adding entry into typings cache: 'stream-shift' => '/home/tony/.cache/typescript/4.1/node_modules/@types/stream-shift/index.d.ts'
[06:14:11.057] Adding entry into typings cache: 'strict-uri-encode' => '/home/tony/.cache/typescript/4.1/node_modules/@types/strict-uri-encode/index.d.ts'
[06:14:11.059] Adding entry into typings cache: 'string-hash' => '/home/tony/.cache/typescript/4.1/node_modules/@types/string-hash/index.d.ts'
[06:14:11.061] Adding entry into typings cache: 'string-natural-compare' => '/home/tony/.cache/typescript/4.1/node_modules/@types/string-natural-compare/index.d.ts'
[06:14:11.062] Adding entry into typings cache: 'string-similarity' => '/home/tony/.cache/typescript/4.1/node_modules/@types/string-similarity/index.d.ts'
[06:14:11.065] Adding entry into typings cache: 'string.prototype.matchall' => '/home/tony/.cache/typescript/4.1/node_modules/@types/string.prototype.matchall/index.d.ts'
[06:14:11.066] Adding entry into typings cache: 'stringify-object' => '/home/tony/.cache/typescript/4.1/node_modules/@types/stringify-object/index.d.ts'
[06:14:11.068] Adding entry into typings cache: 'strip-comments' => '/home/tony/.cache/typescript/4.1/node_modules/@types/strip-comments/index.d.ts'
[06:14:11.069] Adding entry into typings cache: 'styled-jsx' => '/home/tony/.cache/typescript/4.1/node_modules/@types/styled-jsx/index.d.ts'
[06:14:11.071] Adding entry into typings cache: 'stylis' => '/home/tony/.cache/typescript/4.1/node_modules/@types/stylis/index.d.ts'
[06:14:11.074] Adding entry into typings cache: 'supports-color' => '/home/tony/.cache/typescript/4.1/node_modules/@types/supports-color/index.d.ts'
[06:14:11.076] Adding entry into typings cache: 'svg-parser' => '/home/tony/.cache/typescript/4.1/node_modules/@types/svg-parser/index.d.ts'
[06:14:11.078] Adding entry into typings cache: 'svgo' => '/home/tony/.cache/typescript/4.1/node_modules/@types/svgo/index.d.ts'
[06:14:11.079] Adding entry into typings cache: 'symbol-tree' => '/home/tony/.cache/typescript/4.1/node_modules/@types/symbol-tree/index.d.ts'
[06:14:11.081] Adding entry into typings cache: 'table' => '/home/tony/.cache/typescript/4.1/node_modules/@types/table/index.d.ts'
[06:14:11.083] Adding entry into typings cache: 'tail' => '/home/tony/.cache/typescript/4.1/node_modules/@types/tail/index.d.ts'
[06:14:11.084] Adding entry into typings cache: 'tapable' => '/home/tony/.cache/typescript/4.1/node_modules/tapable/tapable.d.ts'
[06:14:11.086] Adding entry into typings cache: 'tar' => '/home/tony/.cache/typescript/4.1/node_modules/@types/tar/index.d.ts'
[06:14:11.088] Adding entry into typings cache: 'tar-fs' => '/home/tony/.cache/typescript/4.1/node_modules/@types/tar-fs/index.d.ts'
[06:14:11.089] Adding entry into typings cache: 'tar-stream' => '/home/tony/.cache/typescript/4.1/node_modules/@types/tar-stream/index.d.ts'
[06:14:11.095] Adding entry into typings cache: 'terser-webpack-plugin' => '/home/tony/.cache/typescript/4.1/node_modules/@types/terser-webpack-plugin/index.d.ts'
[06:14:11.099] Adding entry into typings cache: 'testing-library__jest-dom' => '/home/tony/.cache/typescript/4.1/node_modules/@types/testing-library__jest-dom/index.d.ts'
[06:14:11.100] Adding entry into typings cache: 'text-table' => '/home/tony/.cache/typescript/4.1/node_modules/@types/text-table/index.d.ts'
[06:14:11.102] Adding entry into typings cache: 'through' => '/home/tony/.cache/typescript/4.1/node_modules/@types/through/index.d.ts'
[06:14:11.104] Adding entry into typings cache: 'through2' => '/home/tony/.cache/typescript/4.1/node_modules/@types/through2/index.d.ts'
[06:14:11.106] Adding entry into typings cache: 'timsort' => '/home/tony/.cache/typescript/4.1/node_modules/@types/timsort/index.d.ts'
[06:14:11.108] Adding entry into typings cache: 'tmp' => '/home/tony/.cache/typescript/4.1/node_modules/@types/tmp/index.d.ts'
[06:14:11.110] Adding entry into typings cache: 'tough-cookie' => '/home/tony/.cache/typescript/4.1/node_modules/@types/tough-cookie/index.d.ts'
[06:14:11.112] Adding entry into typings cache: 'trim' => '/home/tony/.cache/typescript/4.1/node_modules/@types/trim/index.d.ts'
[06:14:11.114] Adding entry into typings cache: 'tryer' => '/home/tony/.cache/typescript/4.1/node_modules/@types/tryer/index.d.ts'
[06:14:11.116] Adding entry into typings cache: 'type-check' => '/home/tony/.cache/typescript/4.1/node_modules/@types/type-check/index.d.ts'
[06:14:11.119] Adding entry into typings cache: 'type-detect' => '/home/tony/.cache/typescript/4.1/node_modules/@types/type-detect/index.d.ts'
[06:14:11.120] Adding entry into typings cache: 'type-is' => '/home/tony/.cache/typescript/4.1/node_modules/@types/type-is/index.d.ts'
[06:14:11.122] Adding entry into typings cache: 'unc-path-regex' => '/home/tony/.cache/typescript/4.1/node_modules/@types/unc-path-regex/index.d.ts'
[06:14:11.124] Adding entry into typings cache: 'uniq' => '/home/tony/.cache/typescript/4.1/node_modules/@types/uniq/index.d.ts'
[06:14:11.126] Adding entry into typings cache: 'universalify' => '/home/tony/.cache/typescript/4.1/node_modules/@types/universalify/index.d.ts'
[06:14:11.127] Adding entry into typings cache: 'unixify' => '/home/tony/.cache/typescript/4.1/node_modules/@types/unixify/index.d.ts'
[06:14:11.129] Adding entry into typings cache: 'update-notifier' => '/home/tony/.cache/typescript/4.1/node_modules/@types/update-notifier/index.d.ts'
[06:14:11.132] Adding entry into typings cache: 'urix' => '/home/tony/.cache/typescript/4.1/node_modules/@types/urix/index.d.ts'
[06:14:11.134] Adding entry into typings cache: 'url-parse' => '/home/tony/.cache/typescript/4.1/node_modules/@types/url-parse/index.d.ts'
[06:14:11.136] Adding entry into typings cache: 'use-subscription' => '/home/tony/.cache/typescript/4.1/node_modules/@types/use-subscription/index.d.ts'
[06:14:11.139] Adding entry into typings cache: 'util-deprecate' => '/home/tony/.cache/typescript/4.1/node_modules/@types/util-deprecate/index.d.ts'
[06:14:11.141] Adding entry into typings cache: 'util.promisify' => '/home/tony/.cache/typescript/4.1/node_modules/@types/util.promisify/index.d.ts'
[06:14:11.143] Adding entry into typings cache: 'utils-merge' => '/home/tony/.cache/typescript/4.1/node_modules/@types/utils-merge/index.d.ts'
[06:14:11.144] Adding entry into typings cache: 'uuid' => '/home/tony/.cache/typescript/4.1/node_modules/@types/uuid/index.d.ts'
[06:14:11.146] Adding entry into typings cache: 'valid-url' => '/home/tony/.cache/typescript/4.1/node_modules/@types/valid-url/index.d.ts'
[06:14:11.148] Adding entry into typings cache: 'validate-npm-package-license' => '/home/tony/.cache/typescript/4.1/node_modules/@types/validate-npm-package-license/index.d.ts'
[06:14:11.150] Adding entry into typings cache: 'vary' => '/home/tony/.cache/typescript/4.1/node_modules/@types/vary/index.d.ts'
[06:14:11.152] Adding entry into typings cache: 'verror' => '/home/tony/.cache/typescript/4.1/node_modules/@types/verror/index.d.ts'
[06:14:11.154] Adding entry into typings cache: 'vfile-location' => '/home/tony/.cache/typescript/4.1/node_modules/@types/vfile-location/index.d.ts'
[06:14:11.156] Adding entry into typings cache: 'w3c-xmlserializer' => '/home/tony/.cache/typescript/4.1/node_modules/@types/w3c-xmlserializer/index.d.ts'
[06:14:11.157] Adding entry into typings cache: 'warning' => '/home/tony/.cache/typescript/4.1/node_modules/@types/warning/index.d.ts'
[06:14:11.161] Adding entry into typings cache: 'watchpack' => '/home/tony/.cache/typescript/4.1/node_modules/@types/watchpack/index.d.ts'
[06:14:11.162] Adding entry into typings cache: 'webidl-conversions' => '/home/tony/.cache/typescript/4.1/node_modules/@types/webidl-conversions/index.d.ts'
[06:14:11.165] Adding entry into typings cache: 'webpack' => '/home/tony/.cache/typescript/4.1/node_modules/webpack/types.d.ts'
[06:14:11.169] Adding entry into typings cache: 'webpack-dev-middleware' => '/home/tony/.cache/typescript/4.1/node_modules/@types/webpack-dev-middleware/index.d.ts'
[06:14:11.171] Adding entry into typings cache: 'webpack-dev-server' => '/home/tony/.cache/typescript/4.1/node_modules/@types/webpack-dev-server/index.d.ts'
[06:14:11.174] Adding entry into typings cache: 'webpack-hot-middleware' => '/home/tony/.cache/typescript/4.1/node_modules/@types/webpack-hot-middleware/index.d.ts'
[06:14:11.176] Adding entry into typings cache: 'webpack-manifest-plugin' => '/home/tony/.cache/typescript/4.1/node_modules/@types/webpack-manifest-plugin/index.d.ts'
[06:14:11.179] Adding entry into typings cache: 'webpack-merge' => '/home/tony/.cache/typescript/4.1/node_modules/@types/webpack-merge/index.d.ts'
[06:14:11.183] Adding entry into typings cache: 'webpack-sources' => '/home/tony/.cache/typescript/4.1/node_modules/@types/webpack-sources/index.d.ts'
[06:14:11.184] Adding entry into typings cache: 'webpack-stats-plugin' => '/home/tony/.cache/typescript/4.1/node_modules/@types/webpack-stats-plugin/index.d.ts'
[06:14:11.186] Adding entry into typings cache: 'webpack-virtual-modules' => '/home/tony/.cache/typescript/4.1/node_modules/@types/webpack-virtual-modules/index.d.ts'
[06:14:11.188] Adding entry into typings cache: 'whatwg-encoding' => '/home/tony/.cache/typescript/4.1/node_modules/@types/whatwg-encoding/index.d.ts'
[06:14:11.191] Adding entry into typings cache: 'whatwg-mimetype' => '/home/tony/.cache/typescript/4.1/node_modules/@types/whatwg-mimetype/index.d.ts'
[06:14:11.193] Adding entry into typings cache: 'whatwg-url' => '/home/tony/.cache/typescript/4.1/node_modules/@types/whatwg-url/index.d.ts'
[06:14:11.196] Adding entry into typings cache: 'which' => '/home/tony/.cache/typescript/4.1/node_modules/@types/which/index.d.ts'
[06:14:11.199] Adding entry into typings cache: 'which-pm-runs' => '/home/tony/.cache/typescript/4.1/node_modules/@types/which-pm-runs/index.d.ts'
[06:14:11.200] Adding entry into typings cache: 'workbox-build' => '/home/tony/.cache/typescript/4.1/node_modules/@types/workbox-build/index.d.ts'
[06:14:11.202] Adding entry into typings cache: 'workbox-sw' => '/home/tony/.cache/typescript/4.1/node_modules/@types/workbox-sw/index.d.ts'
[06:14:11.205] Adding entry into typings cache: 'workbox-webpack-plugin' => '/home/tony/.cache/typescript/4.1/node_modules/@types/workbox-webpack-plugin/index.d.ts'
[06:14:11.207] Adding entry into typings cache: 'wrap-ansi' => '/home/tony/.cache/typescript/4.1/node_modules/@types/wrap-ansi/index.d.ts'
[06:14:11.210] Adding entry into typings cache: 'write' => '/home/tony/.cache/typescript/4.1/node_modules/@types/write/index.d.ts'
[06:14:11.213] Adding entry into typings cache: 'write-file-atomic' => '/home/tony/.cache/typescript/4.1/node_modules/@types/write-file-atomic/index.d.ts'
[06:14:11.216] Adding entry into typings cache: 'ws' => '/home/tony/.cache/typescript/4.1/node_modules/@types/ws/index.d.ts'
[06:14:11.218] Adding entry into typings cache: 'xtend' => '/home/tony/.cache/typescript/4.1/node_modules/@types/xtend/index.d.ts'
[06:14:11.224] Adding entry into typings cache: 'y18n' => '/home/tony/.cache/typescript/4.1/node_modules/@types/y18n/index.d.ts'
[06:14:11.227] Adding entry into typings cache: 'yallist' => '/home/tony/.cache/typescript/4.1/node_modules/@types/yallist/index.d.ts'
[06:14:11.230] Adding entry into typings cache: 'yargs' => '/home/tony/.cache/typescript/4.1/node_modules/@types/yargs/index.d.ts'
[06:14:11.232] Adding entry into typings cache: 'yargs-parser' => '/home/tony/.cache/typescript/4.1/node_modules/@types/yargs-parser/index.d.ts'
[06:14:11.234] Adding entry into typings cache: 'yeast' => '/home/tony/.cache/typescript/4.1/node_modules/@types/yeast/index.d.ts'
[06:14:11.234] Finished processing cache location '/home/tony/.cache/typescript/4.1'
[06:14:11.235] Process id: 1375
[06:14:11.236] NPM location: /usr/bin/npm (explicit '--npmLocation' not  provided)
[06:14:11.236] validateDefaultNpmLocation: false
[06:14:11.236] Npm config file: /home/tony/.cache/typescript/4.1/package.json
[06:14:11.236] Updating types-registry npm package...
[06:14:11.237] Exec: /usr/bin/npm install --ignore-scripts types-registry@latest
[06:14:18.715]     Succeeded. stdout:
    
    up to date, audited 877 packages in 7s

20 packages are looking for funding
  run `npm fund` for details

found 0 vulnerabilities

[06:14:18.716] Updated types-registry npm package
[06:45:46.018] Got install request {"projectName":"/dev/null/inferredProject1*","fileNames":[],"compilerOptions":{"module":1,"target":3,"jsx":1,"allowJs":true,"allowSyntheticDefaultImports":true,"allowNonTsExtensions":true,"noEmitForJsFiles":true},"typeAcquisition":{"enable":true,"include":[],"exclude":[]},"unresolvedImports":[],"projectRootPath":"/home/tony/Documents/nextjs/sistema-publikasi/contexts","kind":"discover"}
[06:45:46.123] Loaded safelist from types map file '/home/tony/Documents/nextjs/sistema-publikasi/node_modules/typescript/lib/typesMap.json'
[06:45:46.124] Explicitly included types: []
[06:45:46.127] Inferred typings from unresolved imports: []
[06:45:46.129] Result: {"cachedTypingPaths":[],"newTypingNames":[],"filesToWatch":["/home/tony/Documents/nextjs/sistema-publikasi/contexts/bower_components","/home/tony/Documents/nextjs/sistema-publikasi/contexts/node_modules"]}
[06:45:46.129] Finished typings discovery: {"cachedTypingPaths":[],"newTypingNames":[],"filesToWatch":["/home/tony/Documents/nextjs/sistema-publikasi/contexts/bower_components","/home/tony/Documents/nextjs/sistema-publikasi/contexts/node_modules"]}
[06:45:46.130] DirectoryWatcher:: Added:: WatchInfo: /home/tony/Documents/nextjs/sistema-publikasi/contexts/bower_components
[06:45:46.137] DirectoryWatcher:: Added:: WatchInfo: /home/tony/Documents/nextjs/sistema-publikasi/contexts/node_modules
[06:45:46.138] Sending response:
    {"projectName":"/dev/null/inferredProject1*","typeAcquisition":{"enable":true,"include":[],"exclude":[]},"compilerOptions":{"module":1,"target":3,"jsx":1,"allowJs":true,"allowSyntheticDefaultImports":true,"allowNonTsExtensions":true,"noEmitForJsFiles":true},"typings":[],"unresolvedImports":[],"kind":"action::set"}
[06:45:46.138] Response has been sent.
[06:45:46.139] No new typings were requested as a result of typings discovery
[06:52:03.285] Got install request {"projectName":"/dev/null/inferredProject2*","fileNames":[],"compilerOptions":{"module":1,"target":3,"jsx":1,"allowJs":true,"allowSyntheticDefaultImports":true,"allowNonTsExtensions":true,"noEmitForJsFiles":true},"typeAcquisition":{"enable":true,"include":[],"exclude":[]},"unresolvedImports":[],"projectRootPath":"/home/tony/Documents/nextjs/sistema-publikasi/components/nav","kind":"discover"}
[06:52:03.296] Explicitly included types: []
[06:52:03.300] Inferred typings from unresolved imports: []
[06:52:03.305] Result: {"cachedTypingPaths":[],"newTypingNames":[],"filesToWatch":["/home/tony/Documents/nextjs/sistema-publikasi/components/nav/bower_components","/home/tony/Documents/nextjs/sistema-publikasi/components/nav/node_modules"]}
[06:52:03.305] Finished typings discovery: {"cachedTypingPaths":[],"newTypingNames":[],"filesToWatch":["/home/tony/Documents/nextjs/sistema-publikasi/components/nav/bower_components","/home/tony/Documents/nextjs/sistema-publikasi/components/nav/node_modules"]}
[06:52:03.306] DirectoryWatcher:: Added:: WatchInfo: /home/tony/Documents/nextjs/sistema-publikasi/components/nav/bower_components
[06:52:03.310] DirectoryWatcher:: Added:: WatchInfo: /home/tony/Documents/nextjs/sistema-publikasi/components/nav/node_modules
[06:52:03.311] Sending response:
    {"projectName":"/dev/null/inferredProject2*","typeAcquisition":{"enable":true,"include":[],"exclude":[]},"compilerOptions":{"module":1,"target":3,"jsx":1,"allowJs":true,"allowSyntheticDefaultImports":true,"allowNonTsExtensions":true,"noEmitForJsFiles":true},"typings":[],"unresolvedImports":[],"kind":"action::set"}
[06:52:03.311] Response has been sent.
[06:52:03.311] No new typings were requested as a result of typings discovery
