Info 0    [11:23:13.342] Starting TS Server
Info 1    [11:23:13.344] Version: 4.1.5
Info 2    [11:23:13.345] Arguments: /usr/bin/node /home/tony/Documents/nextjs/sistema-publikasi/node_modules/.bin/tsserver --logFile /home/tony/Documents/nextjs/sistema-publikasi/.log/tsserver.log --logVerbosity info --cancellationPipeName /tmp/a5485e71b0e2fa3c4a90084a0f10bc91/tscancellation*
Info 3    [11:23:13.345] Platform: linux NodeVersion: 15 CaseSensitive: true
Info 4    [11:23:13.345] ServerMode: undefined syntaxOnly: false hasUnknownServerMode: undefined
Info 5    [11:23:13.375] Search path: /home/tony/Documents/nextjs/sistema-publikasi/pages
Info 6    [11:23:13.377] For info: /home/tony/Documents/nextjs/sistema-publikasi/pages/index.tsx :: Config file name: /home/tony/Documents/nextjs/sistema-publikasi/tsconfig.json
Info 7    [11:23:13.378] Opened configuration file /home/tony/Documents/nextjs/sistema-publikasi/tsconfig.json
Info 8    [11:23:13.538] Config: /home/tony/Documents/nextjs/sistema-publikasi/tsconfig.json : {
 "rootNames": [
  "/home/tony/Documents/nextjs/sistema-publikasi/next-env.d.ts",
  "/home/tony/Documents/nextjs/sistema-publikasi/emotion.d.ts",
  "/home/tony/Documents/nextjs/sistema-publikasi/contexts/ContactContext.ts",
  "/home/tony/Documents/nextjs/sistema-publikasi/contexts/HeroContext.ts",
  "/home/tony/Documents/nextjs/sistema-publikasi/contexts/TeamContext.ts",
  "/home/tony/Documents/nextjs/sistema-publikasi/contexts/journalState.ts",
  "/home/tony/Documents/nextjs/sistema-publikasi/contexts/servicesState.ts",
  "/home/tony/Documents/nextjs/sistema-publikasi/contexts/testimonyState.ts",
  "/home/tony/Documents/nextjs/sistema-publikasi/lib/api.ts",
  "/home/tony/Documents/nextjs/sistema-publikasi/themes/theme.ts",
  "/home/tony/Documents/nextjs/sistema-publikasi/components/Button.tsx",
  "/home/tony/Documents/nextjs/sistema-publikasi/components/Counter.tsx",
  "/home/tony/Documents/nextjs/sistema-publikasi/components/Layout.tsx",
  "/home/tony/Documents/nextjs/sistema-publikasi/components/Partners.tsx",
  "/home/tony/Documents/nextjs/sistema-publikasi/components/SectionTitle.tsx",
  "/home/tony/Documents/nextjs/sistema-publikasi/components/blog/BlogCard.tsx",
  "/home/tony/Documents/nextjs/sistema-publikasi/components/blog/BlogCards.tsx",
  "/home/tony/Documents/nextjs/sistema-publikasi/components/contact/Contact.tsx",
  "/home/tony/Documents/nextjs/sistema-publikasi/components/contact/ContactAddress.tsx",
  "/home/tony/Documents/nextjs/sistema-publikasi/components/contact/ContactNumber.tsx",
  "/home/tony/Documents/nextjs/sistema-publikasi/components/footer/Footer.tsx",
  "/home/tony/Documents/nextjs/sistema-publikasi/components/hero/Hero.tsx",
  "/home/tony/Documents/nextjs/sistema-publikasi/components/hero/HeroImage.tsx",
  "/home/tony/Documents/nextjs/sistema-publikasi/components/hero/HeroTitle.tsx",
  "/home/tony/Documents/nextjs/sistema-publikasi/components/journal/Journal.tsx",
  "/home/tony/Documents/nextjs/sistema-publikasi/components/journal/JournalCarouselArrow.tsx",
  "/home/tony/Documents/nextjs/sistema-publikasi/components/journal/JournalCarouselDot.tsx",
  "/home/tony/Documents/nextjs/sistema-publikasi/components/journal/JournalCarouselImage.tsx",
  "/home/tony/Documents/nextjs/sistema-publikasi/components/journal/JournalCarouselImages.tsx",
  "/home/tony/Documents/nextjs/sistema-publikasi/components/journal/JournalFull.tsx",
  "/home/tony/Documents/nextjs/sistema-publikasi/components/journal/JournalInfo.tsx",
  "/home/tony/Documents/nextjs/sistema-publikasi/components/nav/Nav.tsx",
  "/home/tony/Documents/nextjs/sistema-publikasi/components/nav/NavBackground.tsx",
  "/home/tony/Documents/nextjs/sistema-publikasi/components/nav/NavHamburger.tsx",
  "/home/tony/Documents/nextjs/sistema-publikasi/components/nav/NavIcon.tsx",
  "/home/tony/Documents/nextjs/sistema-publikasi/components/nav/NavMenu.tsx",
  "/home/tony/Documents/nextjs/sistema-publikasi/components/nav/NavMenuItem.tsx",
  "/home/tony/Documents/nextjs/sistema-publikasi/components/nav/NavSidebar.tsx",
  "/home/tony/Documents/nextjs/sistema-publikasi/components/nav/NavSignUp.tsx",
  "/home/tony/Documents/nextjs/sistema-publikasi/components/services/Services.tsx",
  "/home/tony/Documents/nextjs/sistema-publikasi/components/services/ServicesCard.tsx",
  "/home/tony/Documents/nextjs/sistema-publikasi/components/services/ServicesImage.tsx",
  "/home/tony/Documents/nextjs/sistema-publikasi/components/services/ServicesInfo.tsx",
  "/home/tony/Documents/nextjs/sistema-publikasi/components/services/ServicesInfoIcon.tsx",
  "/home/tony/Documents/nextjs/sistema-publikasi/components/team/Team.tsx",
  "/home/tony/Documents/nextjs/sistema-publikasi/components/team/TeamCard.tsx",
  "/home/tony/Documents/nextjs/sistema-publikasi/components/testimony/Testimony.tsx",
  "/home/tony/Documents/nextjs/sistema-publikasi/components/testimony/TestimonyCard.tsx",
  "/home/tony/Documents/nextjs/sistema-publikasi/components/testimony/TestimonyDots.tsx",
  "/home/tony/Documents/nextjs/sistema-publikasi/components/testimony/TestimonyPerson.tsx",
  "/home/tony/Documents/nextjs/sistema-publikasi/contexts/JournalContext.tsx",
  "/home/tony/Documents/nextjs/sistema-publikasi/contexts/NavContext.tsx",
  "/home/tony/Documents/nextjs/sistema-publikasi/contexts/TestimonyContext.tsx",
  "/home/tony/Documents/nextjs/sistema-publikasi/lib/useLazyLoader.tsx",
  "/home/tony/Documents/nextjs/sistema-publikasi/pages/_app.tsx",
  "/home/tony/Documents/nextjs/sistema-publikasi/pages/about.tsx",
  "/home/tony/Documents/nextjs/sistema-publikasi/pages/blog.tsx",
  "/home/tony/Documents/nextjs/sistema-publikasi/pages/contact.tsx",
  "/home/tony/Documents/nextjs/sistema-publikasi/pages/index.tsx",
  "/home/tony/Documents/nextjs/sistema-publikasi/pages/blog/[slug].tsx"
 ],
 "options": {
  "target": 1,
  "lib": [
   "lib.dom.d.ts",
   "lib.dom.iterable.d.ts",
   "lib.esnext.d.ts"
  ],
  "allowJs": true,
  "skipLibCheck": true,
  "strict": false,
  "forceConsistentCasingInFileNames": true,
  "noEmit": true,
  "esModuleInterop": true,
  "module": 99,
  "moduleResolution": 2,
  "resolveJsonModule": true,
  "isolatedModules": true,
  "jsx": 1,
  "configFilePath": "/home/tony/Documents/nextjs/sistema-publikasi/tsconfig.json"
 }
}
Info 9    [11:23:23.456] Starting updateGraphWorker: Project: /home/tony/Documents/nextjs/sistema-publikasi/tsconfig.json
Info 10   [11:23:27.952] Finishing updateGraphWorker: Project: /home/tony/Documents/nextjs/sistema-publikasi/tsconfig.json Version: 1 structureChanged: true Elapsed: 4494.583191998303ms
Info 11   [11:23:27.952] Project '/home/tony/Documents/nextjs/sistema-publikasi/tsconfig.json' (Configured)
Info 12   [11:23:27.952] 	Files (223)

Info 13   [11:23:27.952] -----------------------------------------------
Info 14   [11:23:27.987] Starting updateGraphWorker: Project: /dev/null/autoImportProviderProject1*
Info 15   [11:23:27.994] Finishing updateGraphWorker: Project: /dev/null/autoImportProviderProject1* Version: 1 structureChanged: true Elapsed: 7.09392200037837ms
Info 16   [11:23:27.994] Project '/dev/null/autoImportProviderProject1*' (AutoImportProvider)
Info 17   [11:23:27.994] 	Files (1)

Info 18   [11:23:27.994] -----------------------------------------------
Info 19   [11:23:28.075] Before ensureProjectForOpenFiles:
Info 20   [11:23:28.075] After ensureProjectForOpenFiles:
Info 21   [11:23:28.076] got projects updated in background, updating diagnostics for /home/tony/Documents/nextjs/sistema-publikasi/pages/index.tsx
Info 22   [11:23:29.207] DirectoryWatcher:: Triggered with /home/tony/Documents/nextjs/sistema-publikasi/.log/ti-89225.log 0:: WatchInfo: /home/tony/Documents/nextjs/sistema-publikasi 1 undefined Project: /home/tony/Documents/nextjs/sistema-publikasi/tsconfig.json WatchType: Wild card directory
Info 23   [11:23:29.208] Project: /home/tony/Documents/nextjs/sistema-publikasi/tsconfig.json Detected file add/remove of non supported extension: /home/tony/Documents/nextjs/sistema-publikasi/.log/ti-89225.log
Info 24   [11:23:29.208] Elapsed:: 1.3623199984431267ms DirectoryWatcher:: Triggered with /home/tony/Documents/nextjs/sistema-publikasi/.log/ti-89225.log 0:: WatchInfo: /home/tony/Documents/nextjs/sistema-publikasi 1 undefined Project: /home/tony/Documents/nextjs/sistema-publikasi/tsconfig.json WatchType: Wild card directory
Info 25   [11:23:48.129] DirectoryWatcher:: Triggered with /home/tony/Documents/nextjs/sistema-publikasi/.next/static/development :: WatchInfo: /home/tony/Documents/nextjs/sistema-publikasi 1 undefined Project: /home/tony/Documents/nextjs/sistema-publikasi/tsconfig.json WatchType: Wild card directory
Info 26   [11:23:48.130] Elapsed:: 0.8676539994776249ms DirectoryWatcher:: Triggered with /home/tony/Documents/nextjs/sistema-publikasi/.next/static/development :: WatchInfo: /home/tony/Documents/nextjs/sistema-publikasi 1 undefined Project: /home/tony/Documents/nextjs/sistema-publikasi/tsconfig.json WatchType: Wild card directory
Info 27   [11:23:48.132] DirectoryWatcher:: Triggered with /home/tony/Documents/nextjs/sistema-publikasi/.next/static/webpack/pages/about.b53cc2558b25f0cf8981.hot-update.js :: WatchInfo: /home/tony/Documents/nextjs/sistema-publikasi 1 undefined Project: /home/tony/Documents/nextjs/sistema-publikasi/tsconfig.json WatchType: Wild card directory
Info 28   [11:23:48.133] Elapsed:: 0.45188700035214424ms DirectoryWatcher:: Triggered with /home/tony/Documents/nextjs/sistema-publikasi/.next/static/webpack/pages/about.b53cc2558b25f0cf8981.hot-update.js :: WatchInfo: /home/tony/Documents/nextjs/sistema-publikasi 1 undefined Project: /home/tony/Documents/nextjs/sistema-publikasi/tsconfig.json WatchType: Wild card directory
Info 29   [11:23:48.133] DirectoryWatcher:: Triggered with /home/tony/Documents/nextjs/sistema-publikasi/.next/static/webpack/pages/about.b7def829e6c34bb14813.hot-update.js :: WatchInfo: /home/tony/Documents/nextjs/sistema-publikasi 1 undefined Project: /home/tony/Documents/nextjs/sistema-publikasi/tsconfig.json WatchType: Wild card directory
Info 30   [11:23:48.133] Elapsed:: 0.2892039977014065ms DirectoryWatcher:: Triggered with /home/tony/Documents/nextjs/sistema-publikasi/.next/static/webpack/pages/about.b7def829e6c34bb14813.hot-update.js :: WatchInfo: /home/tony/Documents/nextjs/sistema-publikasi 1 undefined Project: /home/tony/Documents/nextjs/sistema-publikasi/tsconfig.json WatchType: Wild card directory
Info 31   [11:23:48.133] DirectoryWatcher:: Triggered with /home/tony/Documents/nextjs/sistema-publikasi/.next/static/webpack/pages/about.b98d06dfd492cf63609d.hot-update.js :: WatchInfo: /home/tony/Documents/nextjs/sistema-publikasi 1 undefined Project: /home/tony/Documents/nextjs/sistema-publikasi/tsconfig.json WatchType: Wild card directory
Info 32   [11:23:48.134] Elapsed:: 0.3162450008094311ms DirectoryWatcher:: Triggered with /home/tony/Documents/nextjs/sistema-publikasi/.next/static/webpack/pages/about.b98d06dfd492cf63609d.hot-update.js :: WatchInfo: /home/tony/Documents/nextjs/sistema-publikasi 1 undefined Project: /home/tony/Documents/nextjs/sistema-publikasi/tsconfig.json WatchType: Wild card directory
Info 33   [11:23:48.134] DirectoryWatcher:: Triggered with /home/tony/Documents/nextjs/sistema-publikasi/.next/static/webpack/pages/about.dd92fc8402e9618571c1.hot-update.js :: WatchInfo: /home/tony/Documents/nextjs/sistema-publikasi 1 undefined Project: /home/tony/Documents/nextjs/sistema-publikasi/tsconfig.json WatchType: Wild card directory
Info 34   [11:23:48.134] Elapsed:: 0.2509789988398552ms DirectoryWatcher:: Triggered with /home/tony/Documents/nextjs/sistema-publikasi/.next/static/webpack/pages/about.dd92fc8402e9618571c1.hot-update.js :: WatchInfo: /home/tony/Documents/nextjs/sistema-publikasi 1 undefined Project: /home/tony/Documents/nextjs/sistema-publikasi/tsconfig.json WatchType: Wild card directory
Info 35   [11:23:48.135] DirectoryWatcher:: Triggered with /home/tony/Documents/nextjs/sistema-publikasi/.next/static/webpack/pages/contact.a2ed37530fc8f986ce22.hot-update.js :: WatchInfo: /home/tony/Documents/nextjs/sistema-publikasi 1 undefined Project: /home/tony/Documents/nextjs/sistema-publikasi/tsconfig.json WatchType: Wild card directory
Info 36   [11:23:48.135] Elapsed:: 0.26671600341796875ms DirectoryWatcher:: Triggered with /home/tony/Documents/nextjs/sistema-publikasi/.next/static/webpack/pages/contact.a2ed37530fc8f986ce22.hot-update.js :: WatchInfo: /home/tony/Documents/nextjs/sistema-publikasi 1 undefined Project: /home/tony/Documents/nextjs/sistema-publikasi/tsconfig.json WatchType: Wild card directory
Info 37   [11:23:48.135] DirectoryWatcher:: Triggered with /home/tony/Documents/nextjs/sistema-publikasi/.next/static/webpack/pages/contact.a934ed980b8fc5ad1859.hot-update.js :: WatchInfo: /home/tony/Documents/nextjs/sistema-publikasi 1 undefined Project: /home/tony/Documents/nextjs/sistema-publikasi/tsconfig.json WatchType: Wild card directory
Info 38   [11:23:48.135] Elapsed:: 0.2258639968931675ms DirectoryWatcher:: Triggered with /home/tony/Documents/nextjs/sistema-publikasi/.next/static/webpack/pages/contact.a934ed980b8fc5ad1859.hot-update.js :: WatchInfo: /home/tony/Documents/nextjs/sistema-publikasi 1 undefined Project: /home/tony/Documents/nextjs/sistema-publikasi/tsconfig.json WatchType: Wild card directory
Info 39   [11:23:48.136] DirectoryWatcher:: Triggered with /home/tony/Documents/nextjs/sistema-publikasi/.next/static/webpack/pages/index.2fe3df4de7c815e80727.hot-update.js :: WatchInfo: /home/tony/Documents/nextjs/sistema-publikasi 1 undefined Project: /home/tony/Documents/nextjs/sistema-publikasi/tsconfig.json WatchType: Wild card directory
Info 40   [11:23:48.136] Elapsed:: 0.22218799963593483ms DirectoryWatcher:: Triggered with /home/tony/Documents/nextjs/sistema-publikasi/.next/static/webpack/pages/index.2fe3df4de7c815e80727.hot-update.js :: WatchInfo: /home/tony/Documents/nextjs/sistema-publikasi 1 undefined Project: /home/tony/Documents/nextjs/sistema-publikasi/tsconfig.json WatchType: Wild card directory
Info 41   [11:23:48.136] DirectoryWatcher:: Triggered with /home/tony/Documents/nextjs/sistema-publikasi/.next/static/webpack/pages/index.35b9e82c77f6e2eec828.hot-update.js :: WatchInfo: /home/tony/Documents/nextjs/sistema-publikasi 1 undefined Project: /home/tony/Documents/nextjs/sistema-publikasi/tsconfig.json WatchType: Wild card directory
Info 42   [11:23:48.136] Elapsed:: 0.2171119973063469ms DirectoryWatcher:: Triggered with /home/tony/Documents/nextjs/sistema-publikasi/.next/static/webpack/pages/index.35b9e82c77f6e2eec828.hot-update.js :: WatchInfo: /home/tony/Documents/nextjs/sistema-publikasi 1 undefined Project: /home/tony/Documents/nextjs/sistema-publikasi/tsconfig.json WatchType: Wild card directory
Info 43   [11:23:48.137] DirectoryWatcher:: Triggered with /home/tony/Documents/nextjs/sistema-publikasi/.next/static/webpack/pages/index.54296c4e2e5e0950bb0a.hot-update.js :: WatchInfo: /home/tony/Documents/nextjs/sistema-publikasi 1 undefined Project: /home/tony/Documents/nextjs/sistema-publikasi/tsconfig.json WatchType: Wild card directory
Info 44   [11:23:48.137] Elapsed:: 0.21966099739074707ms DirectoryWatcher:: Triggered with /home/tony/Documents/nextjs/sistema-publikasi/.next/static/webpack/pages/index.54296c4e2e5e0950bb0a.hot-update.js :: WatchInfo: /home/tony/Documents/nextjs/sistema-publikasi 1 undefined Project: /home/tony/Documents/nextjs/sistema-publikasi/tsconfig.json WatchType: Wild card directory
Info 45   [11:23:48.137] DirectoryWatcher:: Triggered with /home/tony/Documents/nextjs/sistema-publikasi/.next/static/webpack/pages/index.578970e6a929af0a3d97.hot-update.js :: WatchInfo: /home/tony/Documents/nextjs/sistema-publikasi 1 undefined Project: /home/tony/Documents/nextjs/sistema-publikasi/tsconfig.json WatchType: Wild card directory
Info 46   [11:23:48.137] Elapsed:: 0.23321599885821342ms DirectoryWatcher:: Triggered with /home/tony/Documents/nextjs/sistema-publikasi/.next/static/webpack/pages/index.578970e6a929af0a3d97.hot-update.js :: WatchInfo: /home/tony/Documents/nextjs/sistema-publikasi 1 undefined Project: /home/tony/Documents/nextjs/sistema-publikasi/tsconfig.json WatchType: Wild card directory
Info 47   [11:23:48.138] DirectoryWatcher:: Triggered with /home/tony/Documents/nextjs/sistema-publikasi/.next/static/webpack/pages/index.a2ed37530fc8f986ce22.hot-update.js :: WatchInfo: /home/tony/Documents/nextjs/sistema-publikasi 1 undefined Project: /home/tony/Documents/nextjs/sistema-publikasi/tsconfig.json WatchType: Wild card directory
Info 48   [11:23:48.138] Elapsed:: 0.220745000988245ms DirectoryWatcher:: Triggered with /home/tony/Documents/nextjs/sistema-publikasi/.next/static/webpack/pages/index.a2ed37530fc8f986ce22.hot-update.js :: WatchInfo: /home/tony/Documents/nextjs/sistema-publikasi 1 undefined Project: /home/tony/Documents/nextjs/sistema-publikasi/tsconfig.json WatchType: Wild card directory
Info 49   [11:23:48.138] DirectoryWatcher:: Triggered with /home/tony/Documents/nextjs/sistema-publikasi/.next/static/webpack/pages/index.b53cc2558b25f0cf8981.hot-update.js :: WatchInfo: /home/tony/Documents/nextjs/sistema-publikasi 1 undefined Project: /home/tony/Documents/nextjs/sistema-publikasi/tsconfig.json WatchType: Wild card directory
Info 50   [11:23:48.138] Elapsed:: 0.20964999869465828ms DirectoryWatcher:: Triggered with /home/tony/Documents/nextjs/sistema-publikasi/.next/static/webpack/pages/index.b53cc2558b25f0cf8981.hot-update.js :: WatchInfo: /home/tony/Documents/nextjs/sistema-publikasi 1 undefined Project: /home/tony/Documents/nextjs/sistema-publikasi/tsconfig.json WatchType: Wild card directory
Info 51   [11:23:48.139] DirectoryWatcher:: Triggered with /home/tony/Documents/nextjs/sistema-publikasi/.next/static/webpack/pages/index.b7def829e6c34bb14813.hot-update.js :: WatchInfo: /home/tony/Documents/nextjs/sistema-publikasi 1 undefined Project: /home/tony/Documents/nextjs/sistema-publikasi/tsconfig.json WatchType: Wild card directory
Info 52   [11:23:48.139] Elapsed:: 0.2210410013794899ms DirectoryWatcher:: Triggered with /home/tony/Documents/nextjs/sistema-publikasi/.next/static/webpack/pages/index.b7def829e6c34bb14813.hot-update.js :: WatchInfo: /home/tony/Documents/nextjs/sistema-publikasi 1 undefined Project: /home/tony/Documents/nextjs/sistema-publikasi/tsconfig.json WatchType: Wild card directory
Info 53   [11:23:48.139] DirectoryWatcher:: Triggered with /home/tony/Documents/nextjs/sistema-publikasi/.next/static/webpack/pages/index.b98d06dfd492cf63609d.hot-update.js :: WatchInfo: /home/tony/Documents/nextjs/sistema-publikasi 1 undefined Project: /home/tony/Documents/nextjs/sistema-publikasi/tsconfig.json WatchType: Wild card directory
Info 54   [11:23:48.139] Elapsed:: 0.21295999735593796ms DirectoryWatcher:: Triggered with /home/tony/Documents/nextjs/sistema-publikasi/.next/static/webpack/pages/index.b98d06dfd492cf63609d.hot-update.js :: WatchInfo: /home/tony/Documents/nextjs/sistema-publikasi 1 undefined Project: /home/tony/Documents/nextjs/sistema-publikasi/tsconfig.json WatchType: Wild card directory
Info 55   [11:23:48.139] DirectoryWatcher:: Triggered with /home/tony/Documents/nextjs/sistema-publikasi/.next/static/webpack/pages/index.dd92fc8402e9618571c1.hot-update.js :: WatchInfo: /home/tony/Documents/nextjs/sistema-publikasi 1 undefined Project: /home/tony/Documents/nextjs/sistema-publikasi/tsconfig.json WatchType: Wild card directory
Info 56   [11:23:48.140] Elapsed:: 0.2162179984152317ms DirectoryWatcher:: Triggered with /home/tony/Documents/nextjs/sistema-publikasi/.next/static/webpack/pages/index.dd92fc8402e9618571c1.hot-update.js :: WatchInfo: /home/tony/Documents/nextjs/sistema-publikasi 1 undefined Project: /home/tony/Documents/nextjs/sistema-publikasi/tsconfig.json WatchType: Wild card directory
Info 57   [11:23:48.140] DirectoryWatcher:: Triggered with /home/tony/Documents/nextjs/sistema-publikasi/.next/static/webpack/pages :: WatchInfo: /home/tony/Documents/nextjs/sistema-publikasi 1 undefined Project: /home/tony/Documents/nextjs/sistema-publikasi/tsconfig.json WatchType: Wild card directory
Info 58   [11:23:48.140] Elapsed:: 0.20797600224614143ms DirectoryWatcher:: Triggered with /home/tony/Documents/nextjs/sistema-publikasi/.next/static/webpack/pages :: WatchInfo: /home/tony/Documents/nextjs/sistema-publikasi 1 undefined Project: /home/tony/Documents/nextjs/sistema-publikasi/tsconfig.json WatchType: Wild card directory
Info 59   [11:23:48.141] DirectoryWatcher:: Triggered with /home/tony/Documents/nextjs/sistema-publikasi/.next/static/webpack :: WatchInfo: /home/tony/Documents/nextjs/sistema-publikasi 1 undefined Project: /home/tony/Documents/nextjs/sistema-publikasi/tsconfig.json WatchType: Wild card directory
Info 60   [11:23:48.141] Elapsed:: 0.22012099996209145ms DirectoryWatcher:: Triggered with /home/tony/Documents/nextjs/sistema-publikasi/.next/static/webpack :: WatchInfo: /home/tony/Documents/nextjs/sistema-publikasi 1 undefined Project: /home/tony/Documents/nextjs/sistema-publikasi/tsconfig.json WatchType: Wild card directory
Info 61   [11:23:48.143] DirectoryWatcher:: Triggered with /home/tony/Documents/nextjs/sistema-publikasi/.next/server/pages/next/dist/pages/_error.js :: WatchInfo: /home/tony/Documents/nextjs/sistema-publikasi 1 undefined Project: /home/tony/Documents/nextjs/sistema-publikasi/tsconfig.json WatchType: Wild card directory
Info 62   [11:23:48.143] Elapsed:: 0.24794400110840797ms DirectoryWatcher:: Triggered with /home/tony/Documents/nextjs/sistema-publikasi/.next/server/pages/next/dist/pages/_error.js :: WatchInfo: /home/tony/Documents/nextjs/sistema-publikasi 1 undefined Project: /home/tony/Documents/nextjs/sistema-publikasi/tsconfig.json WatchType: Wild card directory
Info 63   [11:23:48.143] DirectoryWatcher:: Triggered with /home/tony/Documents/nextjs/sistema-publikasi/.next/server/pages/next/dist/pages :: WatchInfo: /home/tony/Documents/nextjs/sistema-publikasi 1 undefined Project: /home/tony/Documents/nextjs/sistema-publikasi/tsconfig.json WatchType: Wild card directory
Info 64   [11:23:48.143] Elapsed:: 0.2423729971051216ms DirectoryWatcher:: Triggered with /home/tony/Documents/nextjs/sistema-publikasi/.next/server/pages/next/dist/pages :: WatchInfo: /home/tony/Documents/nextjs/sistema-publikasi 1 undefined Project: /home/tony/Documents/nextjs/sistema-publikasi/tsconfig.json WatchType: Wild card directory
Info 65   [11:23:48.144] DirectoryWatcher:: Triggered with /home/tony/Documents/nextjs/sistema-publikasi/.next/server/pages/next :: WatchInfo: /home/tony/Documents/nextjs/sistema-publikasi 1 undefined Project: /home/tony/Documents/nextjs/sistema-publikasi/tsconfig.json WatchType: Wild card directory
Info 66   [11:23:48.144] Elapsed:: 0.13845599815249443ms DirectoryWatcher:: Triggered with /home/tony/Documents/nextjs/sistema-publikasi/.next/server/pages/next :: WatchInfo: /home/tony/Documents/nextjs/sistema-publikasi 1 undefined Project: /home/tony/Documents/nextjs/sistema-publikasi/tsconfig.json WatchType: Wild card directory
Info 67   [11:23:48.144] DirectoryWatcher:: Triggered with /home/tony/Documents/nextjs/sistema-publikasi/.next/server/pages/next :: WatchInfo: /home/tony/Documents/nextjs/sistema-publikasi 1 undefined Project: /home/tony/Documents/nextjs/sistema-publikasi/tsconfig.json WatchType: Wild card directory
Info 68   [11:23:48.144] Elapsed:: 0.12905900180339813ms DirectoryWatcher:: Triggered with /home/tony/Documents/nextjs/sistema-publikasi/.next/server/pages/next :: WatchInfo: /home/tony/Documents/nextjs/sistema-publikasi 1 undefined Project: /home/tony/Documents/nextjs/sistema-publikasi/tsconfig.json WatchType: Wild card directory
Info 69   [11:23:48.145] DirectoryWatcher:: Triggered with /home/tony/Documents/nextjs/sistema-publikasi/.next/server/pages :: WatchInfo: /home/tony/Documents/nextjs/sistema-publikasi 1 undefined Project: /home/tony/Documents/nextjs/sistema-publikasi/tsconfig.json WatchType: Wild card directory
Info 70   [11:23:48.145] Elapsed:: 0.12300099804997444ms DirectoryWatcher:: Triggered with /home/tony/Documents/nextjs/sistema-publikasi/.next/server/pages :: WatchInfo: /home/tony/Documents/nextjs/sistema-publikasi 1 undefined Project: /home/tony/Documents/nextjs/sistema-publikasi/tsconfig.json WatchType: Wild card directory
Info 71   [11:23:48.145] DirectoryWatcher:: Triggered with /home/tony/Documents/nextjs/sistema-publikasi/.next/server :: WatchInfo: /home/tony/Documents/nextjs/sistema-publikasi 1 undefined Project: /home/tony/Documents/nextjs/sistema-publikasi/tsconfig.json WatchType: Wild card directory
Info 72   [11:23:48.145] Elapsed:: 0.1252340003848076ms DirectoryWatcher:: Triggered with /home/tony/Documents/nextjs/sistema-publikasi/.next/server :: WatchInfo: /home/tony/Documents/nextjs/sistema-publikasi 1 undefined Project: /home/tony/Documents/nextjs/sistema-publikasi/tsconfig.json WatchType: Wild card directory
Info 73   [11:23:48.145] DirectoryWatcher:: Triggered with /home/tony/Documents/nextjs/sistema-publikasi/.next/static :: WatchInfo: /home/tony/Documents/nextjs/sistema-publikasi 1 undefined Project: /home/tony/Documents/nextjs/sistema-publikasi/tsconfig.json WatchType: Wild card directory
Info 74   [11:23:48.146] Elapsed:: 0.12637099996209145ms DirectoryWatcher:: Triggered with /home/tony/Documents/nextjs/sistema-publikasi/.next/static :: WatchInfo: /home/tony/Documents/nextjs/sistema-publikasi 1 undefined Project: /home/tony/Documents/nextjs/sistema-publikasi/tsconfig.json WatchType: Wild card directory
Info 75   [11:23:48.414] Starting updateGraphWorker: Project: /home/tony/Documents/nextjs/sistema-publikasi/tsconfig.json
Info 76   [11:23:48.423] Finishing updateGraphWorker: Project: /home/tony/Documents/nextjs/sistema-publikasi/tsconfig.json Version: 2 structureChanged: false Elapsed: 9.222017001360655ms
Info 77   [11:23:49.147] DirectoryWatcher:: Triggered with /home/tony/Documents/nextjs/sistema-publikasi :: WatchInfo: /home/tony/Documents/nextjs/sistema-publikasi 1 undefined Project: /home/tony/Documents/nextjs/sistema-publikasi/tsconfig.json WatchType: Wild card directory
Info 78   [11:23:49.148] Elapsed:: 0.21670300140976906ms DirectoryWatcher:: Triggered with /home/tony/Documents/nextjs/sistema-publikasi :: WatchInfo: /home/tony/Documents/nextjs/sistema-publikasi 1 undefined Project: /home/tony/Documents/nextjs/sistema-publikasi/tsconfig.json WatchType: Wild card directory
Info 79   [11:23:49.447] Starting updateGraphWorker: Project: /home/tony/Documents/nextjs/sistema-publikasi/tsconfig.json
Info 80   [11:23:49.452] Finishing updateGraphWorker: Project: /home/tony/Documents/nextjs/sistema-publikasi/tsconfig.json Version: 3 structureChanged: false Elapsed: 4.593938998878002ms
Info 81   [11:23:51.648] Before ensureProjectForOpenFiles:
Info 82   [11:23:51.648] After ensureProjectForOpenFiles:
Info 83   [11:23:51.648] got projects updated in background, updating diagnostics for /home/tony/Documents/nextjs/sistema-publikasi/pages/index.tsx
Info 84   [11:23:51.656] DirectoryWatcher:: Triggered with /home/tony/Documents/nextjs/sistema-publikasi :: WatchInfo: /home/tony/Documents/nextjs/sistema-publikasi 1 undefined Project: /home/tony/Documents/nextjs/sistema-publikasi/tsconfig.json WatchType: Wild card directory
Info 85   [11:23:51.657] Elapsed:: 0.16613800078630447ms DirectoryWatcher:: Triggered with /home/tony/Documents/nextjs/sistema-publikasi :: WatchInfo: /home/tony/Documents/nextjs/sistema-publikasi 1 undefined Project: /home/tony/Documents/nextjs/sistema-publikasi/tsconfig.json WatchType: Wild card directory
Info 86   [11:23:51.783] Starting updateGraphWorker: Project: /home/tony/Documents/nextjs/sistema-publikasi/tsconfig.json
Info 87   [11:23:51.792] Finishing updateGraphWorker: Project: /home/tony/Documents/nextjs/sistema-publikasi/tsconfig.json Version: 4 structureChanged: false Elapsed: 8.36574900150299ms
Info 88   [11:23:53.859] DirectoryWatcher:: Triggered with /home/tony/Documents/nextjs/sistema-publikasi :: WatchInfo: /home/tony/Documents/nextjs/sistema-publikasi 1 undefined Project: /home/tony/Documents/nextjs/sistema-publikasi/tsconfig.json WatchType: Wild card directory
Info 89   [11:23:53.859] Elapsed:: 0.16518499702215195ms DirectoryWatcher:: Triggered with /home/tony/Documents/nextjs/sistema-publikasi :: WatchInfo: /home/tony/Documents/nextjs/sistema-publikasi 1 undefined Project: /home/tony/Documents/nextjs/sistema-publikasi/tsconfig.json WatchType: Wild card directory
Info 90   [11:23:54.147] Starting updateGraphWorker: Project: /home/tony/Documents/nextjs/sistema-publikasi/tsconfig.json
Info 91   [11:23:54.154] Finishing updateGraphWorker: Project: /home/tony/Documents/nextjs/sistema-publikasi/tsconfig.json Version: 5 structureChanged: false Elapsed: 5.860334999859333ms
Info 92   [11:23:56.360] Before ensureProjectForOpenFiles:
Info 93   [11:23:56.360] After ensureProjectForOpenFiles:
Info 94   [11:23:56.360] got projects updated in background, updating diagnostics for /home/tony/Documents/nextjs/sistema-publikasi/pages/index.tsx
Info 95   [11:23:57.653] DirectoryWatcher:: Triggered with /home/tony/Documents/nextjs/sistema-publikasi/.next/server/pages/index.js 0:: WatchInfo: /home/tony/Documents/nextjs/sistema-publikasi 1 undefined Project: /home/tony/Documents/nextjs/sistema-publikasi/tsconfig.json WatchType: Wild card directory
Info 96   [11:23:57.654] Elapsed:: 0.2916409969329834ms DirectoryWatcher:: Triggered with /home/tony/Documents/nextjs/sistema-publikasi/.next/server/pages/index.js 0:: WatchInfo: /home/tony/Documents/nextjs/sistema-publikasi 1 undefined Project: /home/tony/Documents/nextjs/sistema-publikasi/tsconfig.json WatchType: Wild card directory
Info 97   [11:23:57.912] Starting updateGraphWorker: Project: /home/tony/Documents/nextjs/sistema-publikasi/tsconfig.json
Info 98   [11:23:57.918] Finishing updateGraphWorker: Project: /home/tony/Documents/nextjs/sistema-publikasi/tsconfig.json Version: 6 structureChanged: false Elapsed: 5.480241000652313ms
Info 99   [11:23:59.709] DirectoryWatcher:: Triggered with /home/tony/Documents/nextjs/sistema-publikasi :: WatchInfo: /home/tony/Documents/nextjs/sistema-publikasi 1 undefined Project: /home/tony/Documents/nextjs/sistema-publikasi/tsconfig.json WatchType: Wild card directory
Info 100  [11:23:59.709] Elapsed:: 0.22205699980258942ms DirectoryWatcher:: Triggered with /home/tony/Documents/nextjs/sistema-publikasi :: WatchInfo: /home/tony/Documents/nextjs/sistema-publikasi 1 undefined Project: /home/tony/Documents/nextjs/sistema-publikasi/tsconfig.json WatchType: Wild card directory
Info 101  [11:24:00.015] Starting updateGraphWorker: Project: /home/tony/Documents/nextjs/sistema-publikasi/tsconfig.json
Info 102  [11:24:00.029] Finishing updateGraphWorker: Project: /home/tony/Documents/nextjs/sistema-publikasi/tsconfig.json Version: 7 structureChanged: false Elapsed: 13.82456500083208ms
Info 103  [11:24:02.209] Before ensureProjectForOpenFiles:
Info 104  [11:24:02.209] After ensureProjectForOpenFiles:
Info 105  [11:24:02.210] got projects updated in background, updating diagnostics for /home/tony/Documents/nextjs/sistema-publikasi/pages/index.tsx
Info 106  [11:24:04.440] DirectoryWatcher:: Triggered with /home/tony/Documents/nextjs/sistema-publikasi/.next/cache/images/KUKfOYqTPxurzE-ni7DoH9qKEeup46yOvJ0GZWSoeII=/1614234116819.R09Zjvjqts3U2AyOKX1ngYDTNtq53oZaeNIN7NEfV2I=.webp 0:: WatchInfo: /home/tony/Documents/nextjs/sistema-publikasi 1 undefined Project: /home/tony/Documents/nextjs/sistema-publikasi/tsconfig.json WatchType: Wild card directory
Info 107  [11:24:04.559] Project: /home/tony/Documents/nextjs/sistema-publikasi/tsconfig.json Detected file add/remove of non supported extension: /home/tony/Documents/nextjs/sistema-publikasi/.next/cache/images/KUKfOYqTPxurzE-ni7DoH9qKEeup46yOvJ0GZWSoeII=/1614234116819.R09Zjvjqts3U2AyOKX1ngYDTNtq53oZaeNIN7NEfV2I=.webp
Info 108  [11:24:04.559] Elapsed:: 0.21442000195384026ms DirectoryWatcher:: Triggered with /home/tony/Documents/nextjs/sistema-publikasi/.next/cache/images/KUKfOYqTPxurzE-ni7DoH9qKEeup46yOvJ0GZWSoeII=/1614234116819.R09Zjvjqts3U2AyOKX1ngYDTNtq53oZaeNIN7NEfV2I=.webp 0:: WatchInfo: /home/tony/Documents/nextjs/sistema-publikasi 1 undefined Project: /home/tony/Documents/nextjs/sistema-publikasi/tsconfig.json WatchType: Wild card directory
Info 109  [11:24:04.559] DirectoryWatcher:: Triggered with /home/tony/Documents/nextjs/sistema-publikasi/.next/cache/images/i9luWO1gSmXmp9chtDKcL0yxGzCrfz07TzVrWFYho-E=/1614234116820.KnPb+t-6epHlnrTOEae5HcWrsTnHHQ+JxlJ9PZZTaU4=.webp 1:: WatchInfo: /home/tony/Documents/nextjs/sistema-publikasi 1 undefined Project: /home/tony/Documents/nextjs/sistema-publikasi/tsconfig.json WatchType: Wild card directory
Info 110  [11:24:04.559] Project: /home/tony/Documents/nextjs/sistema-publikasi/tsconfig.json Detected file add/remove of non supported extension: /home/tony/Documents/nextjs/sistema-publikasi/.next/cache/images/i9luWO1gSmXmp9chtDKcL0yxGzCrfz07TzVrWFYho-E=/1614234116820.KnPb+t-6epHlnrTOEae5HcWrsTnHHQ+JxlJ9PZZTaU4=.webp
Info 111  [11:24:04.559] Elapsed:: 0.08410700038075447ms DirectoryWatcher:: Triggered with /home/tony/Documents/nextjs/sistema-publikasi/.next/cache/images/i9luWO1gSmXmp9chtDKcL0yxGzCrfz07TzVrWFYho-E=/1614234116820.KnPb+t-6epHlnrTOEae5HcWrsTnHHQ+JxlJ9PZZTaU4=.webp 1:: WatchInfo: /home/tony/Documents/nextjs/sistema-publikasi 1 undefined Project: /home/tony/Documents/nextjs/sistema-publikasi/tsconfig.json WatchType: Wild card directory
Info 112  [11:24:04.559] DirectoryWatcher:: Triggered with /home/tony/Documents/nextjs/sistema-publikasi/.next/cache/images/NT3BbRfCnZUhMkDtdZExyTDyYDiMFvuq8vzcg+Ts+Ws=/1614234116822.Q6Ty0K9brnOqz+SzxiJs0fhSrcbaq7tMmvd8mSs4OVY=.webp 2:: WatchInfo: /home/tony/Documents/nextjs/sistema-publikasi 1 undefined Project: /home/tony/Documents/nextjs/sistema-publikasi/tsconfig.json WatchType: Wild card directory
Info 113  [11:24:04.559] Project: /home/tony/Documents/nextjs/sistema-publikasi/tsconfig.json Detected file add/remove of non supported extension: /home/tony/Documents/nextjs/sistema-publikasi/.next/cache/images/NT3BbRfCnZUhMkDtdZExyTDyYDiMFvuq8vzcg+Ts+Ws=/1614234116822.Q6Ty0K9brnOqz+SzxiJs0fhSrcbaq7tMmvd8mSs4OVY=.webp
Info 114  [11:24:04.559] Elapsed:: 0.06333999708294868ms DirectoryWatcher:: Triggered with /home/tony/Documents/nextjs/sistema-publikasi/.next/cache/images/NT3BbRfCnZUhMkDtdZExyTDyYDiMFvuq8vzcg+Ts+Ws=/1614234116822.Q6Ty0K9brnOqz+SzxiJs0fhSrcbaq7tMmvd8mSs4OVY=.webp 2:: WatchInfo: /home/tony/Documents/nextjs/sistema-publikasi 1 undefined Project: /home/tony/Documents/nextjs/sistema-publikasi/tsconfig.json WatchType: Wild card directory
Info 115  [11:24:05.560] DirectoryWatcher:: Triggered with /home/tony/Documents/nextjs/sistema-publikasi/.next/cache/images/i9luWO1gSmXmp9chtDKcL0yxGzCrfz07TzVrWFYho-E=/1614486303436.KnPb+t-6epHlnrTOEae5HcWrsTnHHQ+JxlJ9PZZTaU4=.webp 0:: WatchInfo: /home/tony/Documents/nextjs/sistema-publikasi 1 undefined Project: /home/tony/Documents/nextjs/sistema-publikasi/tsconfig.json WatchType: Wild card directory
Info 116  [11:24:05.560] Project: /home/tony/Documents/nextjs/sistema-publikasi/tsconfig.json Detected file add/remove of non supported extension: /home/tony/Documents/nextjs/sistema-publikasi/.next/cache/images/i9luWO1gSmXmp9chtDKcL0yxGzCrfz07TzVrWFYho-E=/1614486303436.KnPb+t-6epHlnrTOEae5HcWrsTnHHQ+JxlJ9PZZTaU4=.webp
Info 117  [11:24:05.560] Elapsed:: 0.10955800116062164ms DirectoryWatcher:: Triggered with /home/tony/Documents/nextjs/sistema-publikasi/.next/cache/images/i9luWO1gSmXmp9chtDKcL0yxGzCrfz07TzVrWFYho-E=/1614486303436.KnPb+t-6epHlnrTOEae5HcWrsTnHHQ+JxlJ9PZZTaU4=.webp 0:: WatchInfo: /home/tony/Documents/nextjs/sistema-publikasi 1 undefined Project: /home/tony/Documents/nextjs/sistema-publikasi/tsconfig.json WatchType: Wild card directory
Info 118  [11:24:05.561] DirectoryWatcher:: Triggered with /home/tony/Documents/nextjs/sistema-publikasi/.next/cache/images/NT3BbRfCnZUhMkDtdZExyTDyYDiMFvuq8vzcg+Ts+Ws=/1614486303437.Q6Ty0K9brnOqz+SzxiJs0fhSrcbaq7tMmvd8mSs4OVY=.webp 1:: WatchInfo: /home/tony/Documents/nextjs/sistema-publikasi 1 undefined Project: /home/tony/Documents/nextjs/sistema-publikasi/tsconfig.json WatchType: Wild card directory
Info 119  [11:24:05.561] Project: /home/tony/Documents/nextjs/sistema-publikasi/tsconfig.json Detected file add/remove of non supported extension: /home/tony/Documents/nextjs/sistema-publikasi/.next/cache/images/NT3BbRfCnZUhMkDtdZExyTDyYDiMFvuq8vzcg+Ts+Ws=/1614486303437.Q6Ty0K9brnOqz+SzxiJs0fhSrcbaq7tMmvd8mSs4OVY=.webp
Info 120  [11:24:05.561] Elapsed:: 0.07415999844670296ms DirectoryWatcher:: Triggered with /home/tony/Documents/nextjs/sistema-publikasi/.next/cache/images/NT3BbRfCnZUhMkDtdZExyTDyYDiMFvuq8vzcg+Ts+Ws=/1614486303437.Q6Ty0K9brnOqz+SzxiJs0fhSrcbaq7tMmvd8mSs4OVY=.webp 1:: WatchInfo: /home/tony/Documents/nextjs/sistema-publikasi 1 undefined Project: /home/tony/Documents/nextjs/sistema-publikasi/tsconfig.json WatchType: Wild card directory
Info 121  [11:24:05.561] DirectoryWatcher:: Triggered with /home/tony/Documents/nextjs/sistema-publikasi/.next/cache/images/KUKfOYqTPxurzE-ni7DoH9qKEeup46yOvJ0GZWSoeII=/1614486303434.R09Zjvjqts3U2AyOKX1ngYDTNtq53oZaeNIN7NEfV2I=.webp 2:: WatchInfo: /home/tony/Documents/nextjs/sistema-publikasi 1 undefined Project: /home/tony/Documents/nextjs/sistema-publikasi/tsconfig.json WatchType: Wild card directory
Info 122  [11:24:05.561] Project: /home/tony/Documents/nextjs/sistema-publikasi/tsconfig.json Detected file add/remove of non supported extension: /home/tony/Documents/nextjs/sistema-publikasi/.next/cache/images/KUKfOYqTPxurzE-ni7DoH9qKEeup46yOvJ0GZWSoeII=/1614486303434.R09Zjvjqts3U2AyOKX1ngYDTNtq53oZaeNIN7NEfV2I=.webp
Info 123  [11:24:05.561] Elapsed:: 0.09581799805164337ms DirectoryWatcher:: Triggered with /home/tony/Documents/nextjs/sistema-publikasi/.next/cache/images/KUKfOYqTPxurzE-ni7DoH9qKEeup46yOvJ0GZWSoeII=/1614486303434.R09Zjvjqts3U2AyOKX1ngYDTNtq53oZaeNIN7NEfV2I=.webp 2:: WatchInfo: /home/tony/Documents/nextjs/sistema-publikasi 1 undefined Project: /home/tony/Documents/nextjs/sistema-publikasi/tsconfig.json WatchType: Wild card directory
Info 124  [11:24:10.697] DirectoryWatcher:: Triggered with /home/tony/Documents/nextjs/sistema-publikasi/.next/cache/images/ElAjLoxITqEETPx+tuC3A8kXJe7ChmVBH2ovKcVSR7E=/1614146558612.gPWMEP83DDrdxyUA8dhY-S7mxBCZ0L3L9lwkzJd5W+U=.webp 0:: WatchInfo: /home/tony/Documents/nextjs/sistema-publikasi 1 undefined Project: /home/tony/Documents/nextjs/sistema-publikasi/tsconfig.json WatchType: Wild card directory
Info 125  [11:24:10.697] Project: /home/tony/Documents/nextjs/sistema-publikasi/tsconfig.json Detected file add/remove of non supported extension: /home/tony/Documents/nextjs/sistema-publikasi/.next/cache/images/ElAjLoxITqEETPx+tuC3A8kXJe7ChmVBH2ovKcVSR7E=/1614146558612.gPWMEP83DDrdxyUA8dhY-S7mxBCZ0L3L9lwkzJd5W+U=.webp
Info 126  [11:24:10.698] Elapsed:: 0.34326300024986267ms DirectoryWatcher:: Triggered with /home/tony/Documents/nextjs/sistema-publikasi/.next/cache/images/ElAjLoxITqEETPx+tuC3A8kXJe7ChmVBH2ovKcVSR7E=/1614146558612.gPWMEP83DDrdxyUA8dhY-S7mxBCZ0L3L9lwkzJd5W+U=.webp 0:: WatchInfo: /home/tony/Documents/nextjs/sistema-publikasi 1 undefined Project: /home/tony/Documents/nextjs/sistema-publikasi/tsconfig.json WatchType: Wild card directory
Info 127  [11:24:10.698] DirectoryWatcher:: Triggered with /home/tony/Documents/nextjs/sistema-publikasi/.next/cache/images/ElAjLoxITqEETPx+tuC3A8kXJe7ChmVBH2ovKcVSR7E=/1614486309288.gPWMEP83DDrdxyUA8dhY-S7mxBCZ0L3L9lwkzJd5W+U=.webp 1:: WatchInfo: /home/tony/Documents/nextjs/sistema-publikasi 1 undefined Project: /home/tony/Documents/nextjs/sistema-publikasi/tsconfig.json WatchType: Wild card directory
Info 128  [11:24:10.698] Project: /home/tony/Documents/nextjs/sistema-publikasi/tsconfig.json Detected file add/remove of non supported extension: /home/tony/Documents/nextjs/sistema-publikasi/.next/cache/images/ElAjLoxITqEETPx+tuC3A8kXJe7ChmVBH2ovKcVSR7E=/1614486309288.gPWMEP83DDrdxyUA8dhY-S7mxBCZ0L3L9lwkzJd5W+U=.webp
Info 129  [11:24:10.698] Elapsed:: 0.21480199694633484ms DirectoryWatcher:: Triggered with /home/tony/Documents/nextjs/sistema-publikasi/.next/cache/images/ElAjLoxITqEETPx+tuC3A8kXJe7ChmVBH2ovKcVSR7E=/1614486309288.gPWMEP83DDrdxyUA8dhY-S7mxBCZ0L3L9lwkzJd5W+U=.webp 1:: WatchInfo: /home/tony/Documents/nextjs/sistema-publikasi 1 undefined Project: /home/tony/Documents/nextjs/sistema-publikasi/tsconfig.json WatchType: Wild card directory
Info 130  [11:24:10.698] DirectoryWatcher:: Triggered with /home/tony/Documents/nextjs/sistema-publikasi/.next/cache/images/MyOQIkqbMLDM5AKnStqvuy9DeoeaQ1I7R79QQoSaHjk=/1614146557454.UJ+p8dWUy9usnkDHW+0zeEjdro1zQGdnY48EOilkv+E=.webp 2:: WatchInfo: /home/tony/Documents/nextjs/sistema-publikasi 1 undefined Project: /home/tony/Documents/nextjs/sistema-publikasi/tsconfig.json WatchType: Wild card directory
Info 131  [11:24:10.698] Project: /home/tony/Documents/nextjs/sistema-publikasi/tsconfig.json Detected file add/remove of non supported extension: /home/tony/Documents/nextjs/sistema-publikasi/.next/cache/images/MyOQIkqbMLDM5AKnStqvuy9DeoeaQ1I7R79QQoSaHjk=/1614146557454.UJ+p8dWUy9usnkDHW+0zeEjdro1zQGdnY48EOilkv+E=.webp
Info 132  [11:24:10.698] Elapsed:: 0.27817100286483765ms DirectoryWatcher:: Triggered with /home/tony/Documents/nextjs/sistema-publikasi/.next/cache/images/MyOQIkqbMLDM5AKnStqvuy9DeoeaQ1I7R79QQoSaHjk=/1614146557454.UJ+p8dWUy9usnkDHW+0zeEjdro1zQGdnY48EOilkv+E=.webp 2:: WatchInfo: /home/tony/Documents/nextjs/sistema-publikasi 1 undefined Project: /home/tony/Documents/nextjs/sistema-publikasi/tsconfig.json WatchType: Wild card directory
Info 133  [11:24:10.699] DirectoryWatcher:: Triggered with /home/tony/Documents/nextjs/sistema-publikasi/.next/cache/images/MyOQIkqbMLDM5AKnStqvuy9DeoeaQ1I7R79QQoSaHjk=/1614486309597.UJ+p8dWUy9usnkDHW+0zeEjdro1zQGdnY48EOilkv+E=.webp 3:: WatchInfo: /home/tony/Documents/nextjs/sistema-publikasi 1 undefined Project: /home/tony/Documents/nextjs/sistema-publikasi/tsconfig.json WatchType: Wild card directory
Info 134  [11:24:10.699] Project: /home/tony/Documents/nextjs/sistema-publikasi/tsconfig.json Detected file add/remove of non supported extension: /home/tony/Documents/nextjs/sistema-publikasi/.next/cache/images/MyOQIkqbMLDM5AKnStqvuy9DeoeaQ1I7R79QQoSaHjk=/1614486309597.UJ+p8dWUy9usnkDHW+0zeEjdro1zQGdnY48EOilkv+E=.webp
Info 135  [11:24:10.699] Elapsed:: 0.2996950000524521ms DirectoryWatcher:: Triggered with /home/tony/Documents/nextjs/sistema-publikasi/.next/cache/images/MyOQIkqbMLDM5AKnStqvuy9DeoeaQ1I7R79QQoSaHjk=/1614486309597.UJ+p8dWUy9usnkDHW+0zeEjdro1zQGdnY48EOilkv+E=.webp 3:: WatchInfo: /home/tony/Documents/nextjs/sistema-publikasi 1 undefined Project: /home/tony/Documents/nextjs/sistema-publikasi/tsconfig.json WatchType: Wild card directory
Info 136  [11:24:14.552] DirectoryWatcher:: Triggered with /home/tony/Documents/nextjs/sistema-publikasi/.next/cache/images/mzRlJiww1HOUoTEzBYA4zamwhx1ZJgNQj-UC7xWs8UU=/1614146554151.fvdxA1cgbT693Ztb2vMcbD9O4lHmELHWo4KsyoR31ZA=.webp 0:: WatchInfo: /home/tony/Documents/nextjs/sistema-publikasi 1 undefined Project: /home/tony/Documents/nextjs/sistema-publikasi/tsconfig.json WatchType: Wild card directory
Info 137  [11:24:14.552] Project: /home/tony/Documents/nextjs/sistema-publikasi/tsconfig.json Detected file add/remove of non supported extension: /home/tony/Documents/nextjs/sistema-publikasi/.next/cache/images/mzRlJiww1HOUoTEzBYA4zamwhx1ZJgNQj-UC7xWs8UU=/1614146554151.fvdxA1cgbT693Ztb2vMcbD9O4lHmELHWo4KsyoR31ZA=.webp
Info 138  [11:24:14.552] Elapsed:: 0.4350209981203079ms DirectoryWatcher:: Triggered with /home/tony/Documents/nextjs/sistema-publikasi/.next/cache/images/mzRlJiww1HOUoTEzBYA4zamwhx1ZJgNQj-UC7xWs8UU=/1614146554151.fvdxA1cgbT693Ztb2vMcbD9O4lHmELHWo4KsyoR31ZA=.webp 0:: WatchInfo: /home/tony/Documents/nextjs/sistema-publikasi 1 undefined Project: /home/tony/Documents/nextjs/sistema-publikasi/tsconfig.json WatchType: Wild card directory
Info 139  [11:24:14.553] DirectoryWatcher:: Triggered with /home/tony/Documents/nextjs/sistema-publikasi/.next/cache/images/mzRlJiww1HOUoTEzBYA4zamwhx1ZJgNQj-UC7xWs8UU=/1614486313183.fvdxA1cgbT693Ztb2vMcbD9O4lHmELHWo4KsyoR31ZA=.webp 1:: WatchInfo: /home/tony/Documents/nextjs/sistema-publikasi 1 undefined Project: /home/tony/Documents/nextjs/sistema-publikasi/tsconfig.json WatchType: Wild card directory
Info 140  [11:24:14.553] Project: /home/tony/Documents/nextjs/sistema-publikasi/tsconfig.json Detected file add/remove of non supported extension: /home/tony/Documents/nextjs/sistema-publikasi/.next/cache/images/mzRlJiww1HOUoTEzBYA4zamwhx1ZJgNQj-UC7xWs8UU=/1614486313183.fvdxA1cgbT693Ztb2vMcbD9O4lHmELHWo4KsyoR31ZA=.webp
Info 141  [11:24:14.553] Elapsed:: 0.5520769990980625ms DirectoryWatcher:: Triggered with /home/tony/Documents/nextjs/sistema-publikasi/.next/cache/images/mzRlJiww1HOUoTEzBYA4zamwhx1ZJgNQj-UC7xWs8UU=/1614486313183.fvdxA1cgbT693Ztb2vMcbD9O4lHmELHWo4KsyoR31ZA=.webp 1:: WatchInfo: /home/tony/Documents/nextjs/sistema-publikasi 1 undefined Project: /home/tony/Documents/nextjs/sistema-publikasi/tsconfig.json WatchType: Wild card directory
Info 142  [11:24:18.677] DirectoryWatcher:: Triggered with /home/tony/Documents/nextjs/sistema-publikasi/.next/cache/images/OZE+RW2cF10zMD1cNTvkWNx34wQVlEqjDlJshoF+SkQ=/1614146670736.PhLp9PmOK4BBFePTkB4z+JOCdYtOSCbAx+5f1DJqi28=.webp 0:: WatchInfo: /home/tony/Documents/nextjs/sistema-publikasi 1 undefined Project: /home/tony/Documents/nextjs/sistema-publikasi/tsconfig.json WatchType: Wild card directory
Info 143  [11:24:18.678] Project: /home/tony/Documents/nextjs/sistema-publikasi/tsconfig.json Detected file add/remove of non supported extension: /home/tony/Documents/nextjs/sistema-publikasi/.next/cache/images/OZE+RW2cF10zMD1cNTvkWNx34wQVlEqjDlJshoF+SkQ=/1614146670736.PhLp9PmOK4BBFePTkB4z+JOCdYtOSCbAx+5f1DJqi28=.webp
Info 144  [11:24:18.678] Elapsed:: 0.5875879973173141ms DirectoryWatcher:: Triggered with /home/tony/Documents/nextjs/sistema-publikasi/.next/cache/images/OZE+RW2cF10zMD1cNTvkWNx34wQVlEqjDlJshoF+SkQ=/1614146670736.PhLp9PmOK4BBFePTkB4z+JOCdYtOSCbAx+5f1DJqi28=.webp 0:: WatchInfo: /home/tony/Documents/nextjs/sistema-publikasi 1 undefined Project: /home/tony/Documents/nextjs/sistema-publikasi/tsconfig.json WatchType: Wild card directory
Info 145  [11:24:18.678] DirectoryWatcher:: Triggered with /home/tony/Documents/nextjs/sistema-publikasi/.next/cache/images/OZE+RW2cF10zMD1cNTvkWNx34wQVlEqjDlJshoF+SkQ=/1614486317609.PhLp9PmOK4BBFePTkB4z+JOCdYtOSCbAx+5f1DJqi28=.webp 1:: WatchInfo: /home/tony/Documents/nextjs/sistema-publikasi 1 undefined Project: /home/tony/Documents/nextjs/sistema-publikasi/tsconfig.json WatchType: Wild card directory
Info 146  [11:24:18.678] Project: /home/tony/Documents/nextjs/sistema-publikasi/tsconfig.json Detected file add/remove of non supported extension: /home/tony/Documents/nextjs/sistema-publikasi/.next/cache/images/OZE+RW2cF10zMD1cNTvkWNx34wQVlEqjDlJshoF+SkQ=/1614486317609.PhLp9PmOK4BBFePTkB4z+JOCdYtOSCbAx+5f1DJqi28=.webp
Info 147  [11:24:18.678] Elapsed:: 0.2629060000181198ms DirectoryWatcher:: Triggered with /home/tony/Documents/nextjs/sistema-publikasi/.next/cache/images/OZE+RW2cF10zMD1cNTvkWNx34wQVlEqjDlJshoF+SkQ=/1614486317609.PhLp9PmOK4BBFePTkB4z+JOCdYtOSCbAx+5f1DJqi28=.webp 1:: WatchInfo: /home/tony/Documents/nextjs/sistema-publikasi 1 undefined Project: /home/tony/Documents/nextjs/sistema-publikasi/tsconfig.json WatchType: Wild card directory
Info 148  [11:24:22.377] DirectoryWatcher:: Triggered with /home/tony/Documents/nextjs/sistema-publikasi/.next/cache/images/H9NCuppwA29h92Dsyv+VszqCkIPfjta9RgCuZVr4RiA=/1614409109785.BnEOT90p-Uc27oRBZ5KcThFxmgKyMn4r8XSr8vJJjL8=.webp 0:: WatchInfo: /home/tony/Documents/nextjs/sistema-publikasi 1 undefined Project: /home/tony/Documents/nextjs/sistema-publikasi/tsconfig.json WatchType: Wild card directory
Info 149  [11:24:22.378] Project: /home/tony/Documents/nextjs/sistema-publikasi/tsconfig.json Detected file add/remove of non supported extension: /home/tony/Documents/nextjs/sistema-publikasi/.next/cache/images/H9NCuppwA29h92Dsyv+VszqCkIPfjta9RgCuZVr4RiA=/1614409109785.BnEOT90p-Uc27oRBZ5KcThFxmgKyMn4r8XSr8vJJjL8=.webp
Info 150  [11:24:22.378] Elapsed:: 0.3493109978735447ms DirectoryWatcher:: Triggered with /home/tony/Documents/nextjs/sistema-publikasi/.next/cache/images/H9NCuppwA29h92Dsyv+VszqCkIPfjta9RgCuZVr4RiA=/1614409109785.BnEOT90p-Uc27oRBZ5KcThFxmgKyMn4r8XSr8vJJjL8=.webp 0:: WatchInfo: /home/tony/Documents/nextjs/sistema-publikasi 1 undefined Project: /home/tony/Documents/nextjs/sistema-publikasi/tsconfig.json WatchType: Wild card directory
Info 151  [11:24:22.378] DirectoryWatcher:: Triggered with /home/tony/Documents/nextjs/sistema-publikasi/.next/cache/images/H9NCuppwA29h92Dsyv+VszqCkIPfjta9RgCuZVr4RiA=/1614486319758.BnEOT90p-Uc27oRBZ5KcThFxmgKyMn4r8XSr8vJJjL8=.webp 1:: WatchInfo: /home/tony/Documents/nextjs/sistema-publikasi 1 undefined Project: /home/tony/Documents/nextjs/sistema-publikasi/tsconfig.json WatchType: Wild card directory
Info 152  [11:24:22.378] Project: /home/tony/Documents/nextjs/sistema-publikasi/tsconfig.json Detected file add/remove of non supported extension: /home/tony/Documents/nextjs/sistema-publikasi/.next/cache/images/H9NCuppwA29h92Dsyv+VszqCkIPfjta9RgCuZVr4RiA=/1614486319758.BnEOT90p-Uc27oRBZ5KcThFxmgKyMn4r8XSr8vJJjL8=.webp
Info 153  [11:24:22.378] Elapsed:: 0.25154000148177147ms DirectoryWatcher:: Triggered with /home/tony/Documents/nextjs/sistema-publikasi/.next/cache/images/H9NCuppwA29h92Dsyv+VszqCkIPfjta9RgCuZVr4RiA=/1614486319758.BnEOT90p-Uc27oRBZ5KcThFxmgKyMn4r8XSr8vJJjL8=.webp 1:: WatchInfo: /home/tony/Documents/nextjs/sistema-publikasi 1 undefined Project: /home/tony/Documents/nextjs/sistema-publikasi/tsconfig.json WatchType: Wild card directory
Info 154  [11:24:22.378] DirectoryWatcher:: Triggered with /home/tony/Documents/nextjs/sistema-publikasi/.next/cache/images/qKX-oE0kARZAL0Vk91Dqo-l15Dl+9YLm8Ju-LFAXE90=/1614409109774.JYSIW-zWP7onIqV6Q64795wTSkRbwzaoVGncPc7aLsE=.webp 2:: WatchInfo: /home/tony/Documents/nextjs/sistema-publikasi 1 undefined Project: /home/tony/Documents/nextjs/sistema-publikasi/tsconfig.json WatchType: Wild card directory
Info 155  [11:24:22.378] Project: /home/tony/Documents/nextjs/sistema-publikasi/tsconfig.json Detected file add/remove of non supported extension: /home/tony/Documents/nextjs/sistema-publikasi/.next/cache/images/qKX-oE0kARZAL0Vk91Dqo-l15Dl+9YLm8Ju-LFAXE90=/1614409109774.JYSIW-zWP7onIqV6Q64795wTSkRbwzaoVGncPc7aLsE=.webp
Info 156  [11:24:22.379] Elapsed:: 0.20608200132846832ms DirectoryWatcher:: Triggered with /home/tony/Documents/nextjs/sistema-publikasi/.next/cache/images/qKX-oE0kARZAL0Vk91Dqo-l15Dl+9YLm8Ju-LFAXE90=/1614409109774.JYSIW-zWP7onIqV6Q64795wTSkRbwzaoVGncPc7aLsE=.webp 2:: WatchInfo: /home/tony/Documents/nextjs/sistema-publikasi 1 undefined Project: /home/tony/Documents/nextjs/sistema-publikasi/tsconfig.json WatchType: Wild card directory
Info 157  [11:24:22.379] DirectoryWatcher:: Triggered with /home/tony/Documents/nextjs/sistema-publikasi/.next/cache/images/qKX-oE0kARZAL0Vk91Dqo-l15Dl+9YLm8Ju-LFAXE90=/1614486319760.JYSIW-zWP7onIqV6Q64795wTSkRbwzaoVGncPc7aLsE=.webp 3:: WatchInfo: /home/tony/Documents/nextjs/sistema-publikasi 1 undefined Project: /home/tony/Documents/nextjs/sistema-publikasi/tsconfig.json WatchType: Wild card directory
Info 158  [11:24:22.379] Project: /home/tony/Documents/nextjs/sistema-publikasi/tsconfig.json Detected file add/remove of non supported extension: /home/tony/Documents/nextjs/sistema-publikasi/.next/cache/images/qKX-oE0kARZAL0Vk91Dqo-l15Dl+9YLm8Ju-LFAXE90=/1614486319760.JYSIW-zWP7onIqV6Q64795wTSkRbwzaoVGncPc7aLsE=.webp
Info 159  [11:24:22.379] Elapsed:: 0.2483529970049858ms DirectoryWatcher:: Triggered with /home/tony/Documents/nextjs/sistema-publikasi/.next/cache/images/qKX-oE0kARZAL0Vk91Dqo-l15Dl+9YLm8Ju-LFAXE90=/1614486319760.JYSIW-zWP7onIqV6Q64795wTSkRbwzaoVGncPc7aLsE=.webp 3:: WatchInfo: /home/tony/Documents/nextjs/sistema-publikasi 1 undefined Project: /home/tony/Documents/nextjs/sistema-publikasi/tsconfig.json WatchType: Wild card directory
Info 160  [11:24:22.379] DirectoryWatcher:: Triggered with /home/tony/Documents/nextjs/sistema-publikasi/.next/cache/images/wIzrXwy5PZfVqWD7T3H9H-v7fN9BMYTpIGcweVyeMm4=/1614409109782.qhyZiz6vhOasiFzRaoif4n1JjPkXeC26DK055GlBbhc=.webp 4:: WatchInfo: /home/tony/Documents/nextjs/sistema-publikasi 1 undefined Project: /home/tony/Documents/nextjs/sistema-publikasi/tsconfig.json WatchType: Wild card directory
Info 161  [11:24:22.379] Project: /home/tony/Documents/nextjs/sistema-publikasi/tsconfig.json Detected file add/remove of non supported extension: /home/tony/Documents/nextjs/sistema-publikasi/.next/cache/images/wIzrXwy5PZfVqWD7T3H9H-v7fN9BMYTpIGcweVyeMm4=/1614409109782.qhyZiz6vhOasiFzRaoif4n1JjPkXeC26DK055GlBbhc=.webp
Info 162  [11:24:22.379] Elapsed:: 0.1995769999921322ms DirectoryWatcher:: Triggered with /home/tony/Documents/nextjs/sistema-publikasi/.next/cache/images/wIzrXwy5PZfVqWD7T3H9H-v7fN9BMYTpIGcweVyeMm4=/1614409109782.qhyZiz6vhOasiFzRaoif4n1JjPkXeC26DK055GlBbhc=.webp 4:: WatchInfo: /home/tony/Documents/nextjs/sistema-publikasi 1 undefined Project: /home/tony/Documents/nextjs/sistema-publikasi/tsconfig.json WatchType: Wild card directory
Info 163  [11:24:22.379] DirectoryWatcher:: Triggered with /home/tony/Documents/nextjs/sistema-publikasi/.next/cache/images/wIzrXwy5PZfVqWD7T3H9H-v7fN9BMYTpIGcweVyeMm4=/1614486319761.qhyZiz6vhOasiFzRaoif4n1JjPkXeC26DK055GlBbhc=.webp 5:: WatchInfo: /home/tony/Documents/nextjs/sistema-publikasi 1 undefined Project: /home/tony/Documents/nextjs/sistema-publikasi/tsconfig.json WatchType: Wild card directory
Info 164  [11:24:22.380] Project: /home/tony/Documents/nextjs/sistema-publikasi/tsconfig.json Detected file add/remove of non supported extension: /home/tony/Documents/nextjs/sistema-publikasi/.next/cache/images/wIzrXwy5PZfVqWD7T3H9H-v7fN9BMYTpIGcweVyeMm4=/1614486319761.qhyZiz6vhOasiFzRaoif4n1JjPkXeC26DK055GlBbhc=.webp
Info 165  [11:24:22.380] Elapsed:: 0.19884100183844566ms DirectoryWatcher:: Triggered with /home/tony/Documents/nextjs/sistema-publikasi/.next/cache/images/wIzrXwy5PZfVqWD7T3H9H-v7fN9BMYTpIGcweVyeMm4=/1614486319761.qhyZiz6vhOasiFzRaoif4n1JjPkXeC26DK055GlBbhc=.webp 5:: WatchInfo: /home/tony/Documents/nextjs/sistema-publikasi 1 undefined Project: /home/tony/Documents/nextjs/sistema-publikasi/tsconfig.json WatchType: Wild card directory
Info 166  [11:24:22.380] DirectoryWatcher:: Triggered with /home/tony/Documents/nextjs/sistema-publikasi/.next/cache/images/zOIlpwo1xeCzgDtd4q1C+Hth252QEEpIFTZIgORvISY=/1614409116650.ON+hMhtqxfiKvJTOBU6+7oSdwBZZvsx2rhEo6TruE34=.webp 6:: WatchInfo: /home/tony/Documents/nextjs/sistema-publikasi 1 undefined Project: /home/tony/Documents/nextjs/sistema-publikasi/tsconfig.json WatchType: Wild card directory
Info 167  [11:24:22.380] Project: /home/tony/Documents/nextjs/sistema-publikasi/tsconfig.json Detected file add/remove of non supported extension: /home/tony/Documents/nextjs/sistema-publikasi/.next/cache/images/zOIlpwo1xeCzgDtd4q1C+Hth252QEEpIFTZIgORvISY=/1614409116650.ON+hMhtqxfiKvJTOBU6+7oSdwBZZvsx2rhEo6TruE34=.webp
Info 168  [11:24:22.380] Elapsed:: 0.19395999982953072ms DirectoryWatcher:: Triggered with /home/tony/Documents/nextjs/sistema-publikasi/.next/cache/images/zOIlpwo1xeCzgDtd4q1C+Hth252QEEpIFTZIgORvISY=/1614409116650.ON+hMhtqxfiKvJTOBU6+7oSdwBZZvsx2rhEo6TruE34=.webp 6:: WatchInfo: /home/tony/Documents/nextjs/sistema-publikasi 1 undefined Project: /home/tony/Documents/nextjs/sistema-publikasi/tsconfig.json WatchType: Wild card directory
Info 169  [11:24:22.380] DirectoryWatcher:: Triggered with /home/tony/Documents/nextjs/sistema-publikasi/.next/cache/images/zOIlpwo1xeCzgDtd4q1C+Hth252QEEpIFTZIgORvISY=/1614486319762.ON+hMhtqxfiKvJTOBU6+7oSdwBZZvsx2rhEo6TruE34=.webp 7:: WatchInfo: /home/tony/Documents/nextjs/sistema-publikasi 1 undefined Project: /home/tony/Documents/nextjs/sistema-publikasi/tsconfig.json WatchType: Wild card directory
Info 170  [11:24:22.380] Project: /home/tony/Documents/nextjs/sistema-publikasi/tsconfig.json Detected file add/remove of non supported extension: /home/tony/Documents/nextjs/sistema-publikasi/.next/cache/images/zOIlpwo1xeCzgDtd4q1C+Hth252QEEpIFTZIgORvISY=/1614486319762.ON+hMhtqxfiKvJTOBU6+7oSdwBZZvsx2rhEo6TruE34=.webp
Info 171  [11:24:22.380] Elapsed:: 0.19254599884152412ms DirectoryWatcher:: Triggered with /home/tony/Documents/nextjs/sistema-publikasi/.next/cache/images/zOIlpwo1xeCzgDtd4q1C+Hth252QEEpIFTZIgORvISY=/1614486319762.ON+hMhtqxfiKvJTOBU6+7oSdwBZZvsx2rhEo6TruE34=.webp 7:: WatchInfo: /home/tony/Documents/nextjs/sistema-publikasi 1 undefined Project: /home/tony/Documents/nextjs/sistema-publikasi/tsconfig.json WatchType: Wild card directory
Info 172  [11:24:22.381] DirectoryWatcher:: Triggered with /home/tony/Documents/nextjs/sistema-publikasi/.next/cache/images/bCSvnYp8511SZAVjBrrXxIdfHUfqNLmFCNN9Ygy3i4Y=/1614409116651.4ohEnMT9EGSbiI3Y+-BjFhJydm2oz55iv35VwwdGBUs=.webp 8:: WatchInfo: /home/tony/Documents/nextjs/sistema-publikasi 1 undefined Project: /home/tony/Documents/nextjs/sistema-publikasi/tsconfig.json WatchType: Wild card directory
Info 173  [11:24:22.381] Project: /home/tony/Documents/nextjs/sistema-publikasi/tsconfig.json Detected file add/remove of non supported extension: /home/tony/Documents/nextjs/sistema-publikasi/.next/cache/images/bCSvnYp8511SZAVjBrrXxIdfHUfqNLmFCNN9Ygy3i4Y=/1614409116651.4ohEnMT9EGSbiI3Y+-BjFhJydm2oz55iv35VwwdGBUs=.webp
Info 174  [11:24:22.381] Elapsed:: 0.28585799783468246ms DirectoryWatcher:: Triggered with /home/tony/Documents/nextjs/sistema-publikasi/.next/cache/images/bCSvnYp8511SZAVjBrrXxIdfHUfqNLmFCNN9Ygy3i4Y=/1614409116651.4ohEnMT9EGSbiI3Y+-BjFhJydm2oz55iv35VwwdGBUs=.webp 8:: WatchInfo: /home/tony/Documents/nextjs/sistema-publikasi 1 undefined Project: /home/tony/Documents/nextjs/sistema-publikasi/tsconfig.json WatchType: Wild card directory
Info 175  [11:24:22.381] DirectoryWatcher:: Triggered with /home/tony/Documents/nextjs/sistema-publikasi/.next/cache/images/bCSvnYp8511SZAVjBrrXxIdfHUfqNLmFCNN9Ygy3i4Y=/1614486319766.4ohEnMT9EGSbiI3Y+-BjFhJydm2oz55iv35VwwdGBUs=.webp 9:: WatchInfo: /home/tony/Documents/nextjs/sistema-publikasi 1 undefined Project: /home/tony/Documents/nextjs/sistema-publikasi/tsconfig.json WatchType: Wild card directory
Info 176  [11:24:22.381] Project: /home/tony/Documents/nextjs/sistema-publikasi/tsconfig.json Detected file add/remove of non supported extension: /home/tony/Documents/nextjs/sistema-publikasi/.next/cache/images/bCSvnYp8511SZAVjBrrXxIdfHUfqNLmFCNN9Ygy3i4Y=/1614486319766.4ohEnMT9EGSbiI3Y+-BjFhJydm2oz55iv35VwwdGBUs=.webp
Info 177  [11:24:22.381] Elapsed:: 0.2059819996356964ms DirectoryWatcher:: Triggered with /home/tony/Documents/nextjs/sistema-publikasi/.next/cache/images/bCSvnYp8511SZAVjBrrXxIdfHUfqNLmFCNN9Ygy3i4Y=/1614486319766.4ohEnMT9EGSbiI3Y+-BjFhJydm2oz55iv35VwwdGBUs=.webp 9:: WatchInfo: /home/tony/Documents/nextjs/sistema-publikasi 1 undefined Project: /home/tony/Documents/nextjs/sistema-publikasi/tsconfig.json WatchType: Wild card directory
Info 178  [11:24:22.381] DirectoryWatcher:: Triggered with /home/tony/Documents/nextjs/sistema-publikasi/.next/cache/images/Cq-kq735LUxXsv3sXcdXVld+lE8+nGlT4UKAxbKup3w=/1614409125111.fvNfi3Iqtz0y2dlrb4RWRpqyWzKn+UnQZORgRnW-W1A=.webp 10:: WatchInfo: /home/tony/Documents/nextjs/sistema-publikasi 1 undefined Project: /home/tony/Documents/nextjs/sistema-publikasi/tsconfig.json WatchType: Wild card directory
Info 179  [11:24:22.382] Project: /home/tony/Documents/nextjs/sistema-publikasi/tsconfig.json Detected file add/remove of non supported extension: /home/tony/Documents/nextjs/sistema-publikasi/.next/cache/images/Cq-kq735LUxXsv3sXcdXVld+lE8+nGlT4UKAxbKup3w=/1614409125111.fvNfi3Iqtz0y2dlrb4RWRpqyWzKn+UnQZORgRnW-W1A=.webp
Info 180  [11:24:22.382] Elapsed:: 0.1973479986190796ms DirectoryWatcher:: Triggered with /home/tony/Documents/nextjs/sistema-publikasi/.next/cache/images/Cq-kq735LUxXsv3sXcdXVld+lE8+nGlT4UKAxbKup3w=/1614409125111.fvNfi3Iqtz0y2dlrb4RWRpqyWzKn+UnQZORgRnW-W1A=.webp 10:: WatchInfo: /home/tony/Documents/nextjs/sistema-publikasi 1 undefined Project: /home/tony/Documents/nextjs/sistema-publikasi/tsconfig.json WatchType: Wild card directory
Info 181  [11:24:22.382] DirectoryWatcher:: Triggered with /home/tony/Documents/nextjs/sistema-publikasi/.next/cache/images/Cq-kq735LUxXsv3sXcdXVld+lE8+nGlT4UKAxbKup3w=/1614486321155.fvNfi3Iqtz0y2dlrb4RWRpqyWzKn+UnQZORgRnW-W1A=.webp 11:: WatchInfo: /home/tony/Documents/nextjs/sistema-publikasi 1 undefined Project: /home/tony/Documents/nextjs/sistema-publikasi/tsconfig.json WatchType: Wild card directory
Info 182  [11:24:22.382] Project: /home/tony/Documents/nextjs/sistema-publikasi/tsconfig.json Detected file add/remove of non supported extension: /home/tony/Documents/nextjs/sistema-publikasi/.next/cache/images/Cq-kq735LUxXsv3sXcdXVld+lE8+nGlT4UKAxbKup3w=/1614486321155.fvNfi3Iqtz0y2dlrb4RWRpqyWzKn+UnQZORgRnW-W1A=.webp
Info 183  [11:24:22.382] Elapsed:: 0.19405000284314156ms DirectoryWatcher:: Triggered with /home/tony/Documents/nextjs/sistema-publikasi/.next/cache/images/Cq-kq735LUxXsv3sXcdXVld+lE8+nGlT4UKAxbKup3w=/1614486321155.fvNfi3Iqtz0y2dlrb4RWRpqyWzKn+UnQZORgRnW-W1A=.webp 11:: WatchInfo: /home/tony/Documents/nextjs/sistema-publikasi 1 undefined Project: /home/tony/Documents/nextjs/sistema-publikasi/tsconfig.json WatchType: Wild card directory
Info 184  [11:24:26.858] DirectoryWatcher:: Triggered with /home/tony/Documents/nextjs/sistema-publikasi/.next/cache/images/X-8j4z0QHortzkWZ69JKNGId0b9xT6sHUhAOv8dCS2Y=/1614409399022.4mwTbkvrAx1LIjtqS6i6ZiBmvTRdkTGHPPTWoFVfTMA=.webp 0:: WatchInfo: /home/tony/Documents/nextjs/sistema-publikasi 1 undefined Project: /home/tony/Documents/nextjs/sistema-publikasi/tsconfig.json WatchType: Wild card directory
Info 185  [11:24:26.858] Project: /home/tony/Documents/nextjs/sistema-publikasi/tsconfig.json Detected file add/remove of non supported extension: /home/tony/Documents/nextjs/sistema-publikasi/.next/cache/images/X-8j4z0QHortzkWZ69JKNGId0b9xT6sHUhAOv8dCS2Y=/1614409399022.4mwTbkvrAx1LIjtqS6i6ZiBmvTRdkTGHPPTWoFVfTMA=.webp
Info 186  [11:24:26.858] Elapsed:: 0.11733900010585785ms DirectoryWatcher:: Triggered with /home/tony/Documents/nextjs/sistema-publikasi/.next/cache/images/X-8j4z0QHortzkWZ69JKNGId0b9xT6sHUhAOv8dCS2Y=/1614409399022.4mwTbkvrAx1LIjtqS6i6ZiBmvTRdkTGHPPTWoFVfTMA=.webp 0:: WatchInfo: /home/tony/Documents/nextjs/sistema-publikasi 1 undefined Project: /home/tony/Documents/nextjs/sistema-publikasi/tsconfig.json WatchType: Wild card directory
Info 187  [11:24:26.858] DirectoryWatcher:: Triggered with /home/tony/Documents/nextjs/sistema-publikasi/.next/cache/images/X-8j4z0QHortzkWZ69JKNGId0b9xT6sHUhAOv8dCS2Y=/1614486325626.4mwTbkvrAx1LIjtqS6i6ZiBmvTRdkTGHPPTWoFVfTMA=.webp 1:: WatchInfo: /home/tony/Documents/nextjs/sistema-publikasi 1 undefined Project: /home/tony/Documents/nextjs/sistema-publikasi/tsconfig.json WatchType: Wild card directory
Info 188  [11:24:26.858] Project: /home/tony/Documents/nextjs/sistema-publikasi/tsconfig.json Detected file add/remove of non supported extension: /home/tony/Documents/nextjs/sistema-publikasi/.next/cache/images/X-8j4z0QHortzkWZ69JKNGId0b9xT6sHUhAOv8dCS2Y=/1614486325626.4mwTbkvrAx1LIjtqS6i6ZiBmvTRdkTGHPPTWoFVfTMA=.webp
Info 189  [11:24:26.858] Elapsed:: 0.07393299788236618ms DirectoryWatcher:: Triggered with /home/tony/Documents/nextjs/sistema-publikasi/.next/cache/images/X-8j4z0QHortzkWZ69JKNGId0b9xT6sHUhAOv8dCS2Y=/1614486325626.4mwTbkvrAx1LIjtqS6i6ZiBmvTRdkTGHPPTWoFVfTMA=.webp 1:: WatchInfo: /home/tony/Documents/nextjs/sistema-publikasi 1 undefined Project: /home/tony/Documents/nextjs/sistema-publikasi/tsconfig.json WatchType: Wild card directory
